C:\Users\check\AppData\Local\Programs\Python\Python312\Lib\site-packages\requests\__init__.py:113: RequestsDependencyWarning: urllib3 (2.7.0) or chardet (6.0.0.post1)/charset_normalizer (3.4.3) doesn't match a supported version!
  warnings.warn(
============================= test session starts =============================
collecting ... collected 58 items

tests/T03_capability/test_flow_04_control_hands_scp_standard.py::TestFlow04ControlHands::test_pc_controller_status_requires_token PASSED [  1%]
tests/T03_capability/test_flow_04_control_hands_scp_standard.py::TestFlow04ControlHands::test_pc_controller_status_rejects_invalid_token PASSED [  3%]
tests/T03_capability/test_flow_04_control_hands_scp_standard.py::TestFlow04ControlHands::test_pc_controller_status_missing_config_fails_closed PASSED [  5%]
tests/T03_capability/test_flow_04_control_hands_scp_standard.py::TestFlow04ControlHands::test_pc_controller_plan_requires_token PASSED [  6%]
tests/T03_capability/test_flow_04_control_hands_scp_standard.py::TestFlow04ControlHands::test_pc_controller_execute_requires_token_and_capability PASSED [  8%]
tests/T03_capability/test_flow_04_control_hands_scp_standard.py::TestFlow04ControlHands::test_pc_controller_kill_requires_token PASSED [ 10%]
tests/T03_capability/test_flow_04_control_hands_scp_standard.py::TestFlow04ControlHands::test_pc_controller_kill_clear_requires_capability_token PASSED [ 12%]
tests/T03_capability/test_flow_04_control_hands_scp_standard.py::TestFlow04ControlHands::test_pc_controller_xff_with_token_passes PASSED [ 13%]
tests/T03_capability/test_flow_04_control_hands_scp_standard.py::TestFlow04ControlHands::test_pc_controller_xff_without_token_fails PASSED [ 15%]
tests/T03_capability/test_flow_04_control_hands_scp_standard.py::TestFlow04ControlHands::test_hands_routes_xff_with_token_passes PASSED [ 17%]
tests/T03_capability/test_flow_04_control_hands_scp_standard.py::TestFlow04ControlHands::test_web_control_xff_with_token_passes PASSED [ 18%]
tests/T03_capability/test_flow_04_control_hands_scp_standard.py::TestFlow04ControlHands::test_hands_status_requires_token PASSED [ 20%]
tests/T03_capability/test_flow_04_control_hands_scp_standard.py::TestFlow04ControlHands::test_hands_capabilities_requires_token PASSED [ 22%]
tests/T03_capability/test_flow_04_control_hands_scp_standard.py::TestFlow04ControlHands::test_hands_capabilities_revoke_requires_token PASSED [ 24%]
tests/T03_capability/test_flow_04_control_hands_scp_standard.py::TestFlow04ControlHands::test_hands_actions_requires_token PASSED [ 25%]
tests/T03_capability/test_flow_04_control_hands_scp_standard.py::TestFlow04ControlHands::test_hands_execute_missing_capability_token_returns_403 PASSED [ 27%]
tests/T03_capability/test_flow_04_control_hands_scp_standard.py::TestFlow04ControlHands::test_hands_plan_requires_token PASSED [ 29%]
tests/T03_capability/test_flow_04_control_hands_scp_standard.py::TestFlow04ControlHands::test_web_status_requires_token PASSED [ 31%]
tests/T03_capability/test_flow_04_control_hands_scp_standard.py::TestFlow04ControlHands::test_web_search_requires_token PASSED [ 32%]
tests/T03_capability/test_flow_04_control_hands_scp_standard.py::TestFlow04ControlHands::test_web_browse_requires_token PASSED [ 34%]
tests/T03_capability/test_flow_04_control_hands_scp_standard.py::TestFlow04ControlHands::test_control_capability_status_requires_admin PASSED [ 36%]
tests/T03_capability/test_flow_04_control_hands_scp_standard.py::TestFlow04ControlHands::test_control_capability_escalate_requires_admin PASSED [ 37%]
tests/T03_capability/test_flow_04_control_hands_scp_standard.py::TestFlow04ControlHands::test_pc_controller_execute_rejects_missing_token PASSED [ 39%]
tests/T03_capability/test_flow_04_control_hands_scp_standard.py::TestFlow04ControlHands::test_pc_controller_execute_rejects_tampered_signature PASSED [ 41%]
tests/T03_capability/test_flow_04_control_hands_scp_standard.py::TestFlow04ControlHands::test_pc_controller_execute_rejects_scope_mismatch PASSED [ 43%]
tests/T03_capability/test_flow_04_control_hands_scp_standard.py::TestFlow04ControlHands::test_pc_controller_execute_rejects_revoked_epoch PASSED [ 44%]
tests/T03_capability/test_flow_04_control_hands_scp_standard.py::TestFlow04ControlHands::test_pc_controller_execute_succeeds_with_valid_token PASSED [ 46%]
tests/T03_capability/test_flow_04_control_hands_scp_standard.py::TestFlow04ControlHands::test_pc_controller_write_file_rejects_missing_token PASSED [ 48%]
tests/T03_capability/test_flow_04_control_hands_scp_standard.py::TestFlow04ControlHands::test_pc_controller_write_file_succeeds_with_valid_token PASSED [ 50%]
tests/T03_capability/test_flow_04_control_hands_scp_standard.py::TestFlow04ControlHands::test_pc_controller_read_file_succeeds_with_valid_token PASSED [ 51%]
tests/T03_capability/test_flow_04_control_hands_scp_standard.py::TestFlow04ControlHands::test_pc_controller_kill_switch_engage_clear PASSED [ 53%]
tests/T03_capability/test_flow_04_control_hands_scp_standard.py::TestFlow04ControlHands::test_hands_executor_forwards_token_to_controller PASSED [ 55%]
tests/T03_capability/test_flow_04_control_hands_scp_standard.py::TestFlow04ControlHands::test_hands_executor_rejects_missing_token_fail_closed PASSED [ 56%]
tests/T03_capability/test_flow_04_control_hands_scp_standard.py::TestFlow04ControlHands::test_planner_preserves_capability_token_in_steps PASSED [ 58%]
tests/T03_capability/test_flow_04_control_hands_scp_standard.py::TestFlow04ControlHandsCausalCoverage::test_causal_pc_status_token_required PASSED [ 60%]
tests/T03_capability/test_flow_04_control_hands_scp_standard.py::TestFlow04ControlHandsCausalCoverage::test_causal_pc_status_valid_token PASSED [ 62%]
tests/T03_capability/test_flow_04_control_hands_scp_standard.py::TestFlow04ControlHandsCausalCoverage::test_causal_pc_status_invalid_token PASSED [ 63%]
tests/T03_capability/test_flow_04_control_hands_scp_standard.py::TestFlow04ControlHandsCausalCoverage::test_causal_pc_missing_config_fail_closed PASSED [ 65%]
tests/T03_capability/test_flow_04_control_hands_scp_standard.py::TestFlow04ControlHandsCausalCoverage::test_causal_pc_plan_token_required PASSED [ 67%]
tests/T03_capability/test_flow_04_control_hands_scp_standard.py::TestFlow04ControlHandsCausalCoverage::test_causal_pc_execute_token_and_capability_required PASSED [ 68%]
tests/T03_capability/test_flow_04_control_hands_scp_standard.py::TestFlow04ControlHandsCausalCoverage::test_causal_pc_kill_token_required PASSED [ 70%]
tests/T03_capability/test_flow_04_control_hands_scp_standard.py::TestFlow04ControlHandsCausalCoverage::test_causal_pc_kill_clear_capability_token PASSED [ 72%]
tests/T03_capability/test_flow_04_control_hands_scp_standard.py::TestFlow04ControlHandsCausalCoverage::test_causal_xff_token_passes PASSED [ 74%]
tests/T03_capability/test_flow_04_control_hands_scp_standard.py::TestFlow04ControlHandsCausalCoverage::test_causal_xff_no_token_fails PASSED [ 75%]
tests/T03_capability/test_flow_04_control_hands_scp_standard.py::TestFlow04ControlHandsCausalCoverage::test_causal_hands_all_endpoints_token_required PASSED [ 77%]
tests/T03_capability/test_flow_04_control_hands_scp_standard.py::TestFlow04ControlHandsCausalCoverage::test_causal_web_all_endpoints_token_required PASSED [ 79%]
tests/T03_capability/test_flow_04_control_hands_scp_standard.py::TestFlow04ControlHandsCausalCoverage::test_causal_control_admin_endpoints_require_admin PASSED [ 81%]
tests/T03_capability/test_flow_04_control_hands_scp_standard.py::TestFlow04ControlHandsCausalCoverage::test_causal_pep_missing_token PASSED [ 82%]
tests/T03_capability/test_flow_04_control_hands_scp_standard.py::TestFlow04ControlHandsCausalCoverage::test_causal_pep_tampered_signature PASSED [ 84%]
tests/T03_capability/test_flow_04_control_hands_scp_standard.py::TestFlow04ControlHandsCausalCoverage::test_causal_pep_scope_mismatch PASSED [ 86%]
tests/T03_capability/test_flow_04_control_hands_scp_standard.py::TestFlow04ControlHandsCausalCoverage::test_causal_pep_revoked_epoch PASSED [ 87%]
tests/T03_capability/test_flow_04_control_hands_scp_standard.py::TestFlow04ControlHandsCausalCoverage::test_causal_pep_valid_token_success PASSED [ 89%]
tests/T03_capability/test_flow_04_control_hands_scp_standard.py::TestFlow04ControlHandsCausalCoverage::test_causal_write_file_pep PASSED [ 91%]
tests/T03_capability/test_flow_04_control_hands_scp_standard.py::TestFlow04ControlHandsCausalCoverage::test_causal_read_file_pep PASSED [ 93%]
tests/T03_capability/test_flow_04_control_hands_scp_standard.py::TestFlow04ControlHandsCausalCoverage::test_causal_kill_switch_engage_clear PASSED [ 94%]
tests/T03_capability/test_flow_04_control_hands_scp_standard.py::TestFlow04ControlHandsCausalCoverage::test_causal_hands_forwards_token PASSED [ 96%]
tests/T03_capability/test_flow_04_control_hands_scp_standard.py::TestFlow04ControlHandsCausalCoverage::test_causal_hands_rejects_missing_token PASSED [ 98%]
tests/T03_capability/test_flow_04_control_hands_scp_standard.py::TestFlow04ControlHandsCausalCoverage::test_causal_planner_preserves_token PASSED [100%]

============================= 58 passed in 16.03s =============================
