============================= test session starts =============================
platform win32 -- Python 3.12.10, pytest-9.1.1, pluggy-1.6.0 -- C:\Users\check\AppData\Local\Programs\Python\Python312\python.exe
cachedir: .pytest_cache
hypothesis profile 'default' -> database=DirectoryBasedExampleDatabase(WindowsPath('C:/Users/check/Downloads/scp/.hypothesis/examples'))
metadata: {'Python': '3.12.10', 'Platform': 'Windows-11-10.0.26200-SP0', 'Packages': {'pytest': '9.1.1', 'pluggy': '1.6.0'}, 'Plugins': {'anyio': '4.13.0', 'Faker': '40.1.2', 'hypothesis': '6.108.0', 'langsmith': '0.10.13', 'asyncio': '1.3.0', 'cov': '7.0.0', 'json-report': '1.5.0', 'metadata': '3.1.1'}}
rootdir: C:\Users\check\Downloads\scp
configfile: pytest.ini
plugins: anyio-4.13.0, Faker-40.1.2, hypothesis-6.108.0, langsmith-0.10.13, asyncio-1.3.0, cov-7.0.0, json-report-1.5.0, metadata-3.1.1
asyncio: mode=Mode.STRICT, debug=False, asyncio_default_fixture_loop_scope=None, asyncio_default_test_loop_scope=function
collecting ... collected 515 items

tests/T00_integrity/test_complete_reference_integrity.py::test_shipped_reference_passes_fail_closed_validator PASSED [  0%]
tests/T00_integrity/test_complete_reference_integrity.py::test_reference_never_binds_implementation_symbols PASSED [  0%]
tests/T00_integrity/test_complete_reference_integrity.py::test_validator_rejects_a_reference_that_requires_a_class PASSED [  0%]
tests/T00_integrity/test_complete_reference_integrity.py::test_implementation_bindings_map_reference_ids_to_real_modules PASSED [  0%]
tests/T00_integrity/test_meta_audit.py::test_meta_audit_no_skip_in_mandatory_tests PASSED [  0%]
tests/T00_integrity/test_meta_audit.py::test_meta_audit_no_assert_true PASSED [  1%]
tests/T00_integrity/test_meta_audit.py::test_meta_audit_architecture_coverage PASSED [  1%]
tests/T00_integrity/test_meta_audit.py::test_meta_audit_no_zero_collected_test_files PASSED [  1%]
tests/T00_integrity/test_meta_audit.py::test_meta_audit_bare_scp_imports_must_resolve_to_real_production_symbols PASSED [  1%]
tests/T00_integrity/test_meta_audit.py::test_meta_audit_no_recursive_pytest_and_no_live_repo_git_mutation PASSED [  1%]
tests/T00_integrity/test_meta_audit.py::test_meta_audit_t05_no_forbidden_semantic_patterns PASSED [  2%]
tests/T00_integrity/test_meta_audit.py::test_t00_fa01_historical_skip_unchanged_passes_as_debt PASSED [  2%]
tests/T00_integrity/test_meta_audit.py::test_t00_fa01_newly_added_skip_fails PASSED [  2%]
tests/T00_integrity/test_meta_audit.py::test_t00_fa01_newly_added_xfail_fails PASSED [  2%]
tests/T00_integrity/test_meta_audit.py::test_t00_fa01_pytest_skip_call_fails PASSED [  2%]
tests/T00_integrity/test_meta_audit.py::test_t00_fa04_historical_manufactured_green_passes_as_debt PASSED [  3%]
tests/T00_integrity/test_meta_audit.py::test_t00_fa04_new_manufactured_green_fails PASSED [  3%]
tests/T00_integrity/test_meta_audit.py::test_t00_removal_of_historical_violation_passes PASSED [  3%]
tests/T00_integrity/test_meta_audit.py::test_t00_set_delta_swap_skip PASSED [  3%]
tests/T00_integrity/test_meta_audit.py::test_scp_tests_is_protected PASSED [  3%]
tests/T00_integrity/test_meta_audit.py::test_missing_policy_fails_closed PASSED [  4%]
tests/T00_integrity/test_meta_audit.py::test_fa01_skipif_importorskip_asyncdef PASSED [  4%]
tests/T00_integrity/test_meta_audit.py::test_fa02_normal_test_deletion PASSED [  4%]
tests/T00_integrity/test_meta_audit.py::test_fa02_class_method_deletion PASSED [  4%]
tests/T00_integrity/test_meta_audit.py::test_fa02_parametrized_reduction PASSED [  4%]
tests/T00_integrity/test_meta_audit.py::test_fa02_unchanged_passes PASSED [  5%]
tests/T00_integrity/test_meta_audit.py::test_fa02_added_tests_passes PASSED [  5%]
tests/T00_integrity/test_meta_audit.py::test_fa02_collection_error_fails_closed PASSED [  5%]
tests/T00_integrity/test_meta_audit.py::test_fa01_module_level_pytestmark_skip_is_new_violation PASSED [  5%]
tests/T00_integrity/test_meta_audit.py::test_fa01_historical_module_pytestmark_is_tracked_as_debt PASSED [  5%]
tests/T00_integrity/test_meta_audit.py::test_fa01_bare_pytestmark_attribute_assignment_is_flagged PASSED [  6%]
tests/T00_integrity/test_meta_audit.py::test_fa01_unrelated_pytestmark_mark_is_not_flagged PASSED [  6%]
tests/T00_integrity/test_meta_audit.py::test_node_exists_requires_executable_asserting_test_node PASSED [  6%]
tests/T00_integrity/test_meta_audit.py::test_fa01_signatures_covers_module_pytestmark_directly PASSED [  6%]
tests/T00_integrity/test_pass_never_means_complete_scp.py::test_green_suite_counts_can_never_satisfy_completion PASSED [  6%]
tests/T00_integrity/test_pass_never_means_complete_scp.py::test_handoff_and_readme_carry_no_unqualified_complete_scp_claim PASSED [  6%]
tests/T00_integrity/test_pass_never_means_complete_scp.py::test_release_verdict_tool_is_the_single_completion_authority PASSED [  7%]
tests/T00_integrity/test_scp_future_target.py::test_shipped_future_target_v402_passes_bounded_validator PASSED [  7%]
tests/T00_integrity/test_scp_future_target.py::test_effective_target_is_base_plus_overlay_with_frozen_counts PASSED [  7%]
tests/T00_integrity/test_scp_future_target.py::test_validator_rejects_orphan_capability PASSED [  7%]
tests/T00_integrity/test_scp_future_target.py::test_validator_rejects_unknown_gate_on_cause_effect_edge PASSED [  7%]
tests/T00_integrity/test_scp_future_target.py::test_validator_rejects_skill_traceability_gap PASSED [  8%]
tests/T00_integrity/test_scp_future_target.py::test_freeze_policy_blocks_validator_recursion_without_new_evidence PASSED [  8%]
tests/T00_integrity/test_scp_future_target.py::test_reference_alignment_gap_is_reported_not_used_to_delete_target PASSED [  8%]
tests/T00_integrity/test_scp_target_test_coverage.py::test_shipped_target_test_traceability_structure_is_valid PASSED [  8%]
tests/T00_integrity/test_scp_target_test_coverage.py::test_effective_map_contains_all_138_capabilities_and_67_edges PASSED [  8%]
tests/T00_integrity/test_scp_target_test_coverage.py::test_unclaimed_target_is_explicitly_unproven_not_omitted PASSED [  9%]
tests/T00_integrity/test_scp_target_test_coverage.py::test_current_binding_never_turns_test_presence_into_evidence_verified PASSED [  9%]
tests/T00_integrity/test_scp_target_test_coverage.py::test_validator_rejects_claim_for_unknown_target PASSED [  9%]
tests/T00_integrity/test_scp_target_test_coverage.py::test_validator_rejects_missing_pytest_node PASSED [  9%]
tests/T00_integrity/test_scp_target_test_coverage.py::test_validator_rejects_test_from_inapplicable_gate PASSED [  9%]
tests/T00_integrity/test_scp_target_test_coverage.py::test_evidence_verified_cannot_be_self_declared_without_provenance PASSED [ 10%]
tests/T00_integrity/test_scp_target_test_coverage.py::test_reverse_mapping_exists_for_every_explicit_concrete_test_claim PASSED [ 10%]
tests/T00_integrity/test_scp_target_test_coverage.py::test_generated_report_is_deterministic_for_same_binding_and_target PASSED [ 10%]
tests/T00_integrity/test_target_coverage_authority_protected.py::test_target_coverage_authority_is_governance_protected PASSED [ 10%]
tests/T00_integrity/test_test_infrastructure_fail_closed.py::test_mutation_missing_target_is_error PASSED [ 10%]
tests/T00_integrity/test_test_infrastructure_fail_closed.py::test_mutation_unsupported_target_is_error PASSED [ 11%]
tests/T00_integrity/test_test_infrastructure_fail_closed.py::test_mutation_zero_mutants_is_error PASSED [ 11%]
tests/T00_integrity/test_test_infrastructure_fail_closed.py::test_mutation_pytest_collection_error_is_not_counted_as_kill PASSED [ 11%]
tests/T00_integrity/test_test_infrastructure_fail_closed.py::test_soak_workload_nonzero_exit_is_recorded PASSED [ 11%]
tests/T00_integrity/test_test_infrastructure_fail_closed.py::test_soak_workload_timeout_is_recorded PASSED [ 11%]
tests/T00_integrity/test_test_infrastructure_fail_closed.py::test_zero_duration_soak_is_not_a_pass PASSED [ 12%]
tests/T00_integrity/test_test_infrastructure_fail_closed.py::test_deny_egress_never_fetches_free_catalog PASSED [ 12%]
tests/T01_boot/test_startup_launcher_contract.py::test_manual_launcher_preflights_dashboard_dependency_and_build PASSED [ 12%]
tests/T01_boot/test_startup_launcher_contract.py::test_launcher_is_api_only_no_ollama PASSED [ 12%]
tests/T01_boot/test_startup_launcher_contract.py::test_stop_launcher_never_kills_external_ollama_port PASSED [ 12%]
tests/T01_boot/test_supervisor_child_env.py::test_supervisor_recreates_required_child_safe_boundaries PASSED [ 13%]
tests/T01_boot/test_supervisor_child_env.py::test_dashboard_receives_scheduler_admin_boundary PASSED [ 13%]
tests/T01_boot/test_supervisor_child_env.py::test_supervisor_recovers_external_ollama_with_budget PASSED [ 13%]
tests/T01_boot/test_supervisor_child_env.py::test_supervisor_rebuilds_stale_dashboard_before_starting_standalone_server PASSED [ 13%]
tests/T01_boot/test_supervisor_child_env.py::test_supervisor_sets_dashboard_proxy_contract_explicitly PASSED [ 13%]
tests/T01_boot/test_supervisor_child_env.py::test_supervisor_runtime_map_matches_dashboard_proxy_and_uses_production_start PASSED [ 13%]
tests/T01_boot/test_supervisor_child_env.py::test_supervisor_health_probe_requires_success_status_not_any_non_5xx PASSED [ 14%]
tests/T02_contract/test_api_import_order_contract.py::test_extra_routers_survive_both_import_orders PASSED [ 14%]
tests/T02_contract/test_api_route_profile.py::test_profile_defaults_and_invalid_value_fail_closed PASSED [ 14%]
tests/T02_contract/test_api_route_profile.py::test_route_groups_are_monotonic_and_classified PASSED [ 14%]
tests/T02_contract/test_api_route_profile.py::test_core_profile_reduces_actual_registered_routes PASSED [ 14%]
tests/T02_contract/test_benchmark_authority.py::test_benchmark_authority PASSED [ 15%]
tests/T02_contract/test_cognitive_orchestrator.py::test_orchestrator_initializes_and_ticks PASSED [ 15%]
tests/T02_contract/test_complete_reference_schema.py::test_reference_declares_canonical_verdicts_and_levels PASSED [ 15%]
tests/T02_contract/test_complete_reference_schema.py::test_every_capability_has_maturity_and_hard_security_edges PASSED [ 15%]
tests/T02_contract/test_contracts_primitives.py::test_verdicts_are_exactly_canonical_and_parse_fails_closed PASSED [ 15%]
tests/T02_contract/test_contracts_primitives.py::test_maturity_ladder_orders_and_rejects_unknown PASSED [ 16%]
tests/T02_contract/test_contracts_primitives.py::test_data_class_severity_composes_conservatively PASSED [ 16%]
tests/T02_contract/test_contracts_primitives.py::test_ids_random_occurrence_and_deterministic_content PASSED [ 16%]
tests/T02_contract/test_contracts_primitives.py::test_time_rejects_naive_datetimes PASSED [ 16%]
tests/T02_contract/test_contracts_primitives.py::test_event_envelope_fails_closed_on_unknown_schema_and_serializes_stably PASSED [ 16%]
tests/T02_contract/test_contracts_primitives.py::test_evidence_level_parses_and_rejects_garbage PASSED [ 17%]
tests/T02_contract/test_contradiction_authority.py::test_assess_temporal_change PASSED [ 17%]
tests/T02_contract/test_contradiction_authority.py::test_assess_scope_mismatch PASSED [ 17%]
tests/T02_contract/test_contradiction_authority.py::test_assess_direct_contradiction PASSED [ 17%]
tests/T02_contract/test_dashboard_route_contract.py::test_route_listing_does_not_export_non_route_symbols PASSED [ 17%]
tests/T02_contract/test_dashboard_route_contract.py::test_api_routes_have_only_next_allowed_runtime_exports PASSED [ 18%]
tests/T02_contract/test_dashboard_route_contract.py::test_route_listing_gateway_hint_matches_isolated_runtime_contract PASSED [ 18%]
tests/T02_contract/test_doubt_engine.py::test_formulate_open_question_with_capability PASSED [ 18%]
tests/T02_contract/test_doubt_engine.py::test_formulate_blind_spot_without_capability PASSED [ 18%]
tests/T02_contract/test_doubt_engine.py::test_formulate_contradiction_registers_blindspot PASSED [ 18%]
tests/T02_contract/test_experiment_and_lesson.py::test_experiment_authority PASSED [ 19%]
tests/T02_contract/test_experiment_and_lesson.py::test_lesson_authority PASSED [ 19%]
tests/T02_contract/test_foundation_db.py::test_create_migrate_close_reopen_keeps_schema_and_data PASSED [ 19%]
tests/T02_contract/test_foundation_db.py::test_tampered_migration_checksum_blocks_startup PASSED [ 19%]
tests/T02_contract/test_foundation_db.py::test_failed_migration_rolls_back_atomically PASSED [ 19%]
tests/T02_contract/test_god_split_semantic_parity.py::test_split_target_imports[scp.api_server] PASSED [ 20%]
tests/T02_contract/test_god_split_semantic_parity.py::test_split_target_imports[scp.autofix.engine] PASSED [ 20%]
tests/T02_contract/test_god_split_semantic_parity.py::test_split_target_imports[scp.autofix.llm_fix] PASSED [ 20%]
tests/T02_contract/test_god_split_semantic_parity.py::test_split_target_imports[scp.autofix.scanners.cross_func_taint_scanner] PASSED [ 20%]
tests/T02_contract/test_god_split_semantic_parity.py::test_split_target_imports[scp.benchmark.run_benchmark_v2] PASSED [ 20%]
tests/T02_contract/test_god_split_semantic_parity.py::test_split_target_imports[scp.core.db_manager] PASSED [ 20%]
tests/T02_contract/test_god_split_semantic_parity.py::test_split_target_imports[scp.core.fast_learning_engine] PASSED [ 21%]
tests/T02_contract/test_god_split_semantic_parity.py::test_split_target_imports[scp.data_sources.domain_registry] PASSED [ 21%]
tests/T02_contract/test_god_split_semantic_parity.py::test_split_target_imports[scp.knowledge.antibody_system] PASSED [ 21%]
tests/T02_contract/test_god_split_semantic_parity.py::test_split_target_imports[scp.meta.why_engine] PASSED [ 21%]
tests/T02_contract/test_god_split_semantic_parity.py::test_split_target_imports[scp.runtime.judge_parts.judgecore_mixin] PASSED [ 21%]
tests/T02_contract/test_god_split_semantic_parity.py::test_split_target_imports[scp.task_kernel] PASSED [ 22%]
tests/T02_contract/test_god_split_semantic_parity.py::test_domain_registry_keeps_parent_registry_binding PASSED [ 22%]
tests/T02_contract/test_god_split_semantic_parity.py::test_benchmark_helpers_keep_normalization_dependencies PASSED [ 22%]
tests/T02_contract/test_god_split_semantic_parity.py::test_db_manager_parts_share_runtime_state PASSED [ 22%]
tests/T02_contract/test_god_split_semantic_parity.py::test_db_manager_extracted_functions_bind_to_authoritative_globals PASSED [ 22%]
tests/T02_contract/test_god_split_semantic_parity.py::test_fast_learning_engine_keeps_constants_and_schema PASSED [ 23%]
tests/T02_contract/test_god_split_semantic_parity.py::test_fast_learning_thread_guard_is_facade_owned PASSED [ 23%]
tests/T02_contract/test_god_split_semantic_parity.py::test_antibody_split_preserves_behavior PASSED [ 23%]
tests/T02_contract/test_god_split_semantic_parity.py::test_why_engine_split_preserves_helper_wiring PASSED [ 23%]
tests/T02_contract/test_god_split_semantic_parity.py::test_llm_fix_extracted_function_keeps_module_dependencies PASSED [ 23%]
tests/T02_contract/test_god_split_semantic_parity.py::test_cross_func_scanner_extracted_function_keeps_callgraph_helpers PASSED [ 24%]
tests/T02_contract/test_god_split_semantic_parity.py::test_cross_func_scanner_cache_is_facade_owned PASSED [ 24%]
tests/T02_contract/test_god_split_semantic_parity.py::test_task_kernel_split_preserves_create_contract PASSED [ 24%]
tests/T02_contract/test_god_split_semantic_parity.py::test_autofix_engine_constructs_after_split PASSED [ 24%]
tests/T02_contract/test_god_split_semantic_parity.py::test_api_server_keeps_public_service_identity PASSED [ 24%]
tests/T02_contract/test_god_split_semantic_parity.py::test_api_server_extracted_functions_bind_to_authoritative_globals PASSED [ 25%]
tests/T02_contract/test_god_split_semantic_parity.py::test_api_server_keeps_detailed_health_contract PASSED [ 25%]
tests/T02_contract/test_god_split_semantic_parity.py::test_split_facades_keep_public_module_identity PASSED [ 25%]
tests/T02_contract/test_god_split_semantic_parity.py::test_split_facades_keep_public_callable_identity PASSED [ 25%]
tests/T02_contract/test_god_split_semantic_parity.py::test_judge_core_preserves_public_judge_contract PASSED [ 25%]
tests/T02_contract/test_hands_reconcile_outcome_schema.py::test_hands_reconcile_outcome_field_does_not_reject_partial_by_length PASSED [ 26%]
tests/T02_contract/test_knowledge_control_db.py::test_append_only_status_events PASSED [ 26%]
tests/T02_contract/test_knowledge_ontology.py::test_all_ontology_types_validate_and_unknown_rejected PASSED [ 26%]
tests/T02_contract/test_knowledge_ontology.py::test_raw_can_never_jump_to_gold_and_gold_requires_evidence PASSED [ 26%]
tests/T02_contract/test_knowledge_ontology.py::test_relations_closed_and_invalid_relation_rejected PASSED [ 26%]
tests/T02_contract/test_knowledge_ontology.py::test_object_round_trips_json_without_semantics_loss PASSED [ 26%]
tests/T02_contract/test_knowledge_ontology.py::test_object_rejects_free_text_content_and_bad_confidence PASSED [ 27%]
tests/T02_contract/test_knowledge_ontology.py::test_status_transition_table_is_closed PASSED [ 27%]
tests/T02_contract/test_knowledge_promotion.py::test_raw_to_curated PASSED [ 27%]
tests/T02_contract/test_knowledge_promotion.py::test_curated_to_corroborated PASSED [ 27%]
tests/T02_contract/test_knowledge_promotion.py::test_corroborated_to_verified PASSED [ 27%]
tests/T02_contract/test_knowledge_promotion.py::test_verified_to_gold PASSED [ 28%]
tests/T02_contract/test_knowledge_promotion.py::test_downward_paths PASSED [ 28%]
tests/T02_contract/test_knowledge_promotion.py::test_invalid_jumps PASSED [ 28%]
tests/T02_contract/test_knowledge_runtime.py::test_promote_walk_raw_to_gold_all_valid_transitions_pass PASSED [ 28%]
tests/T02_contract/test_knowledge_runtime.py::test_raw_to_gold_direct_jump_rejected_and_state_untouched PASSED [ 28%]
tests/T02_contract/test_knowledge_runtime.py::test_gold_without_evidence_refs_rejected PASSED [ 29%]
tests/T02_contract/test_knowledge_runtime.py::test_corroboration_requires_independent_lineage_threshold PASSED [ 29%]
tests/T02_contract/test_knowledge_runtime.py::test_curated_with_open_contradiction_cannot_corroborate PASSED [ 29%]
tests/T02_contract/test_knowledge_runtime.py::test_contradiction_demotes_gold_to_under_review_then_demoted PASSED [ 29%]
tests/T02_contract/test_knowledge_runtime.py::test_retire_old_gold_past_review_after PASSED [ 29%]
tests/T02_contract/test_knowledge_runtime.py::test_volatility_classes_complete_with_monotonic_defaults PASSED [ 30%]
tests/T02_contract/test_knowledge_runtime.py::test_revalidation_flags_stable_knowledge_past_review_after PASSED [ 30%]
tests/T02_contract/test_knowledge_runtime.py::test_stale_and_reviewed_knowledge_not_used_for_decisions PASSED [ 30%]
tests/T02_contract/test_knowledge_runtime.py::test_fts_search_returns_ranked_results_by_relevance PASSED [ 30%]
tests/T02_contract/test_knowledge_runtime.py::test_retrieval_index_is_accelerator_authority_survives_drop_and_rebuild PASSED [ 30%]
tests/T02_contract/test_knowledge_runtime.py::test_direct_status_mutation_blocked_at_storage_layer PASSED [ 31%]
tests/T02_contract/test_knowledge_runtime.py::test_unknown_knowledge_id_fails_closed PASSED [ 31%]
tests/T02_contract/test_open_question_and_hypothesis.py::test_open_question_and_missing_piece PASSED [ 31%]
tests/T02_contract/test_open_question_and_hypothesis.py::test_hypothesis PASSED [ 31%]
tests/T02_contract/test_promotion_authority.py::test_promotion_raw_to_curated_pass PASSED [ 31%]
tests/T02_contract/test_promotion_authority.py::test_promotion_curated_to_corroborated_fail PASSED [ 32%]
tests/T02_contract/test_promotion_authority.py::test_promotion_unknown_profile PASSED [ 32%]
tests/T02_contract/test_revalidation_authority.py::test_assess_staleness PASSED [ 32%]
tests/T02_contract/test_revalidation_authority.py::test_schedule_revalidation PASSED [ 32%]
tests/T02_contract/test_world_state_temporal_contract.py::test_valid_time_and_system_time_are_recorded_separately_and_append_only PASSED [ 32%]
tests/T02_contract/test_world_state_temporal_contract.py::test_observation_without_evidence_refs_is_refused PASSED [ 33%]
tests/T02_contract/test_world_state_temporal_contract.py::test_correction_supersedes_and_never_rewrites_history PASSED [ 33%]
tests/T02_contract/test_world_state_temporal_contract.py::test_predictor_can_never_promote_its_own_forecast_to_observed PASSED [ 33%]
tests/T02_contract/test_world_state_temporal_contract.py::test_projection_rebuild_is_deterministic_and_respects_supersede PASSED [ 33%]
tests/T02_contract/test_world_state_temporal_contract.py::test_projection_as_of_cutoff_keeps_value_until_superseder_was_known PASSED [ 33%]
tests/T02_contract/test_world_state_temporal_contract.py::test_entity_resolution_links_identity_and_preserves_lineage PASSED [ 33%]
tests/T02_contract/test_world_state_temporal_contract.py::test_entity_identity_links_are_transitive_and_evidence_backed PASSED [ 34%]
tests/T02_contract/test_world_state_temporal_contract.py::test_same_name_different_lineage_never_silently_merged PASSED [ 34%]
tests/T02_contract/test_world_state_temporal_contract.py::test_temporal_authority_persistence_across_db_restart PASSED [ 34%]
tests/T02_contract/test_world_state_temporal_contract.py::test_change_detection_tracks_state_deltas_without_mutating_past PASSED [ 34%]
tests/T02_contract/test_world_state_temporal_contract.py::test_epistemic_world_tables_reject_delete_and_identity_links_fully_immutable PASSED [ 34%]
tests/T03_capability/test_acquisition_runtime.py::test_pull_acquisition_produces_evidence_identity_and_unknown_lineage PASSED [ 35%]
tests/T03_capability/test_acquisition_runtime.py::test_injection_content_is_quarantined_and_never_enters_knowledge PASSED [ 35%]
tests/T03_capability/test_acquisition_runtime.py::test_resource_budget_exhausted_returns_wait_resource_not_silent_skip PASSED [ 35%]
tests/T03_capability/test_acquisition_runtime.py::test_byte_budget_bounds_the_fetch_cap_passed_to_fetcher PASSED [ 35%]
tests/T03_capability/test_acquisition_runtime.py::test_rate_limited_source_returns_wait_resource PASSED [ 35%]
tests/T03_capability/test_acquisition_runtime.py::test_freshness_window_skips_refetch_explicitly PASSED [ 36%]
tests/T03_capability/test_acquisition_runtime.py::test_curiosity_below_gain_threshold_is_explicitly_not_scheduled PASSED [ 36%]
tests/T03_capability/test_acquisition_runtime.py::test_pull_gains_max_and_curiosity_items_are_capped PASSED [ 36%]
tests/T03_capability/test_acquisition_runtime.py::test_policy_default_denies_unknown_hosts_and_blocklist_wins PASSED [ 36%]
tests/T03_capability/test_acquisition_runtime.py::test_policy_blocklist_overrides_allowlist PASSED [ 36%]
tests/T03_capability/test_acquisition_runtime.py::test_policy_rejects_url_with_embedded_credentials PASSED [ 37%]
tests/T03_capability/test_acquisition_runtime.py::test_fetch_failure_is_explicit_failed_per_item PASSED [ 37%]
tests/T03_capability/test_acquisition_runtime.py::test_unverified_free_api_host_is_quarantined_and_never_trusted PASSED [ 37%]
tests/T03_capability/test_acquisition_runtime.py::test_unreachable_free_api_host_is_quarantined PASSED [ 37%]
tests/T03_capability/test_acquisition_runtime.py::test_http_base_url_fails_https_gate PASSED [ 37%]
tests/T03_capability/test_acquisition_runtime.py::test_full_observed_chain_yields_verified_free_api PASSED [ 38%]
tests/T03_capability/test_acquisition_runtime.py::test_qualification_requires_observable_schema PASSED [ 38%]
tests/T03_capability/test_acquisition_runtime.py::test_request_requires_question_and_urls PASSED [ 38%]
tests/T03_capability/test_acquisition_runtime.py::test_budget_rejects_non_positive_caps PASSED [ 38%]
tests/T03_capability/test_auth_fail_closed_contract.py::test_verify_admin_denies_when_nothing_configured PASSED [ 38%]
tests/T03_capability/test_auth_fail_closed_contract.py::test_verify_admin_rejects_wrong_token PASSED [ 39%]
tests/T03_capability/test_auth_fail_closed_contract.py::test_verify_admin_accepts_exact_token PASSED [ 39%]
tests/T03_capability/test_auth_fail_closed_contract.py::test_ws_chat_rejects_session_id_only PASSED [ 39%]
tests/T03_capability/test_auth_fail_closed_contract.py::test_ws_chat_accepts_explicit_valid_token PASSED [ 39%]
tests/T03_capability/test_auth_request_injection.py::test_verify_admin_receives_real_request_client_ip PASSED [ 39%]
tests/T03_capability/test_capability_token_mutation_contract.py::test_default_token_ttl_is_exact PASSED [ 40%]
tests/T03_capability/test_capability_token_mutation_contract.py::test_invalid_formats_and_signature_fail_closed PASSED [ 40%]
tests/T03_capability/test_capability_token_mutation_contract.py::test_valid_token_round_trip_requires_padding_and_positive_verdict PASSED [ 40%]
tests/T03_capability/test_capability_token_mutation_contract.py::test_correctly_signed_malformed_payload_fails_closed PASSED [ 40%]
tests/T03_capability/test_capability_token_mutation_contract.py::test_expired_token_fails_closed PASSED [ 40%]
tests/T03_capability/test_capability_token_mutation_contract.py::test_missing_exp_claim_fails_closed_at_subsecond_boundary PASSED [ 40%]
tests/T03_capability/test_capability_token_mutation_contract.py::test_scope_mismatch_fails_closed_while_wildcard_requirement_allows PASSED [ 41%]
tests/T03_capability/test_drift_guard.py::test_comment_only_change_is_allowed_even_on_protected_python PASSED [ 41%]
tests/T03_capability/test_drift_guard.py::test_semantic_change_on_protected_path_requires_governance PASSED [ 41%]
tests/T03_capability/test_drift_guard.py::test_paid_fallback_or_positive_cost_is_denied_even_if_authorized PASSED [ 41%]
tests/T03_capability/test_drift_guard.py::test_new_test_skip_xfail_or_assert_true_is_denied PASSED [ 41%]
tests/T03_capability/test_drift_guard.py::test_unparseable_protected_python_is_unknown_not_allow PASSED [ 42%]
tests/T03_capability/test_governance_runtime.py::test_incomplete_bundle_is_fail_closed_and_cannot_be_approved PASSED [ 42%]
tests/T03_capability/test_governance_runtime.py::test_rubber_stamp_approval_is_blocked PASSED [ 42%]
tests/T03_capability/test_governance_runtime.py::test_approval_must_be_bound_to_the_exact_presented_bundle PASSED [ 42%]
tests/T03_capability/test_governance_runtime.py::test_unverified_rollback_is_an_unknown_that_must_be_acknowledged PASSED [ 42%]
tests/T03_capability/test_governance_runtime.py::test_understood_approval_never_grants_capability_by_itself PASSED [ 43%]
tests/T03_capability/test_governance_runtime.py::test_unknown_license_is_quarantined_for_every_usage[INGESTION] PASSED [ 43%]
tests/T03_capability/test_governance_runtime.py::test_unknown_license_is_quarantined_for_every_usage[REDISTRIBUTION] PASSED [ 43%]
tests/T03_capability/test_governance_runtime.py::test_unknown_license_is_quarantined_for_every_usage[EXECUTION] PASSED [ 43%]
tests/T03_capability/test_governance_runtime.py::test_unknown_license_is_quarantined_for_every_usage[EXTERNAL_RELEASE] PASSED [ 43%]
tests/T03_capability/test_governance_runtime.py::test_unknown_license_unrestricted_redistribution_is_forbidden PASSED [ 44%]
tests/T03_capability/test_governance_runtime.py::test_proprietary_license_distribution_is_denied_but_human_gated_for_execution PASSED [ 44%]
tests/T03_capability/test_governance_runtime.py::test_copyleft_and_sharealike_restrict_redistribution_while_permissive_allows PASSED [ 44%]
tests/T03_capability/test_governance_runtime.py::test_missing_provenance_escalates_to_human_and_bundle_takes_worst_case PASSED [ 44%]
tests/T03_capability/test_governance_runtime.py::test_safe_reference_is_execution_eligible PASSED [ 44%]
tests/T03_capability/test_governance_runtime.py::test_restricted_reference_is_reference_only_and_never_executable PASSED [ 45%]
tests/T03_capability/test_governance_runtime.py::test_actionable_high_risk_is_quarantined_for_human_review PASSED [ 45%]
tests/T03_capability/test_governance_runtime.py::test_prohibited_raw_content_is_blocked_from_storage PASSED [ 45%]
tests/T03_capability/test_governance_runtime.py::test_execution_route_for_restricted_or_worse_is_forbidden PASSED [ 45%]
tests/T03_capability/test_governance_runtime.py::test_declared_labels_never_override_content_signals PASSED [ 45%]
tests/T03_capability/test_governance_runtime.py::test_unconfigured_connector_is_bundle_only_and_never_writes PASSED [ 46%]
tests/T03_capability/test_governance_runtime.py::test_report_only_default_never_sends_even_with_approval PASSED [ 46%]
tests/T03_capability/test_governance_runtime.py::test_send_allowed_without_comprehension_waits_for_human_approval PASSED [ 46%]
tests/T03_capability/test_governance_runtime.py::test_authorized_send_requires_evidence_and_passes_post_submit_verification PASSED [ 46%]
tests/T03_capability/test_governance_runtime.py::test_out_of_scope_event_and_oversized_risk_are_denied PASSED [ 46%]
tests/T03_capability/test_internet_safety_firewall.py::test_injection_payloads_are_quarantined PASSED [ 46%]
tests/T03_capability/test_internet_safety_firewall.py::test_secret_bearing_content_is_quarantined_before_extraction PASSED [ 47%]
tests/T03_capability/test_internet_safety_firewall.py::test_clean_content_passes_the_firewall PASSED [ 47%]
tests/T03_capability/test_internet_safety_firewall.py::test_empty_content_does_not_crash_the_gate PASSED [ 47%]
tests/T03_capability/test_os_sandbox.py::test_sandbox_executes_command_inside_job_object PASSED [ 47%]
tests/T03_capability/test_os_sandbox.py::test_sandbox_rejects_invalid_capability PASSED [ 47%]
tests/T03_capability/test_privacy_write_gate.py::test_missing_classification_is_sensitive_floor PASSED [ 48%]
tests/T03_capability/test_privacy_write_gate.py::test_secret_is_redacted_before_persistence_and_class_escalates PASSED [ 48%]
tests/T03_capability/test_privacy_write_gate.py::test_unredacted_sensitive_raw_is_denied_but_sanitized_keeps_class PASSED [ 48%]
tests/T03_capability/test_risk_intelligence_contract.py::test_social_volume_alone_never_produces_pr4_or_pr5 PASSED [ 48%]
tests/T03_capability/test_risk_intelligence_contract.py::test_official_source_qualifies_pr4 PASSED [ 48%]
tests/T03_capability/test_risk_intelligence_contract.py::test_two_independent_lineages_qualified_but_pr5_needs_official_confirmation PASSED [ 49%]
tests/T03_capability/test_risk_intelligence_contract.py::test_stale_or_unlocated_evidence_caps_level_at_pr3 PASSED [ 49%]
tests/T03_capability/test_risk_intelligence_contract.py::test_owned_sensor_direct_observation_is_the_missing_source_exception PASSED [ 49%]
tests/T03_capability/test_risk_intelligence_contract.py::test_emergency_evidence_bundle_requires_and_carries_the_owner_contract PASSED [ 49%]
tests/T03_capability/test_risk_intelligence_contract.py::test_alert_router_never_sends_without_configuration_or_authority PASSED [ 49%]
tests/T03_capability/test_risk_intelligence_contract.py::test_public_broadcast_operations_are_forbidden_even_on_pre_authorized_channels PASSED [ 50%]
tests/T03_capability/test_risk_intelligence_contract.py::test_incident_state_machine_walks_and_refuses_illegal_jumps PASSED [ 50%]
tests/T03_capability/test_risk_intelligence_contract.py::test_containment_requires_capability_authority_not_direct_tool_call PASSED [ 50%]
tests/T03_capability/test_risk_intelligence_contract.py::test_emergency_evidence_bundle_lineage_preservation_across_routing PASSED [ 50%]
tests/T03_capability/test_xff_guard_contract.py::test_controller_xff_guard_rejects_external_ips[scp.api.routes.web_control_routes-SCP_LOCAL_ONLY] PASSED [ 50%]
tests/T03_capability/test_xff_guard_contract.py::test_controller_xff_guard_rejects_external_ips[scp.api.routes.hands_routes-SCP_HANDS_LOCAL_ONLY] PASSED [ 51%]
tests/T03_capability/test_xff_guard_contract.py::test_controller_xff_guard_rejects_external_ips[scp.api.routes.pc_controller_routes-SCP_PC_LOCAL_ONLY] PASSED [ 51%]
tests/T03_capability/test_xff_guard_contract.py::test_controller_xff_guard_rejects_external_ips[scp.api.routes.call_routes-SCP_AGENT_LOCAL_ONLY] PASSED [ 51%]
tests/T03_capability/test_xff_guard_contract.py::test_agent_routes_internal_secret_guard PASSED [ 51%]
tests/T04_kernel/test_ask_kernel_adapter_verify.py::test_rag_ask_with_passing_judge_is_verified PASSED [ 51%]
tests/T04_kernel/test_ask_kernel_adapter_verify.py::test_chat_ask_without_contexts_uses_judge_semantics PASSED [ 52%]
tests/T04_kernel/test_ask_kernel_adapter_verify.py::test_failing_judge_contradicts_any_ask PASSED [ 52%]
tests/T04_kernel/test_ask_kernel_terminal_race.py::test_cancelled_task_before_finalize_withholds_unverified_response PASSED [ 52%]
tests/T04_kernel/test_ask_kernel_terminal_race.py::test_cancel_between_precheck_and_verifying_transition_fails_closed PASSED [ 52%]
tests/T04_kernel/test_kernel_crash_consistency.py::test_crash_between_event_and_projection_is_repaired_by_rebuild PASSED [ 52%]
tests/T04_kernel/test_kernel_crash_consistency.py::test_tampered_journal_is_fail_closed PASSED [ 53%]
tests/T04_kernel/test_kernel_p1_regressions.py::test_bridge_duplicate_request_returns_replayed_response PASSED [ 53%]
tests/T04_kernel/test_kernel_p1_regressions.py::test_orphan_sweep_keeps_fresh_lease_and_reconciles_stale_one PASSED [ 53%]
tests/T04_kernel/test_kernel_p1_regressions.py::test_checkpoint_event_does_not_poison_rebuild_projection PASSED [ 53%]
tests/T04_kernel/test_kernel_p1_regressions.py::test_checkpoint_still_rejects_invalid_state PASSED [ 53%]
tests/T04_kernel/test_kernel_p1_regressions.py::test_bridge_heartbeat_keeps_lease_alive_across_slow_dispatch PASSED [ 53%]
tests/T04_kernel/test_kernel_storage.py::test_task_kernel_uses_injected_storage_for_transaction_lifecycle PASSED [ 54%]
tests/T04_kernel/test_kernel_storage.py::test_task_kernel_backup_is_delegated_to_storage PASSED [ 54%]
tests/T04_kernel/test_lease_fencing_idempotency.py::test_stale_lease_cannot_create_idempotency_claim PASSED [ 54%]
tests/T04_kernel/test_lease_fencing_idempotency.py::test_stale_lease_cannot_complete_existing_idempotency_claim PASSED [ 54%]
tests/T04_kernel/test_lease_fencing_idempotency.py::test_fresh_recovery_reader_can_probe_duplicate_without_mutating_it PASSED [ 54%]
tests/T04_kernel/test_task_kernel_mutation_contract.py::test_task_contract_rejects_boundary_values PASSED [ 55%]
tests/T04_kernel/test_task_kernel_mutation_contract.py::test_transition_contract_and_happy_lifecycle PASSED [ 55%]
tests/T04_kernel/test_task_kernel_mutation_contract.py::test_human_review_remains_nonterminal_and_counted_as_in_flight PASSED [ 55%]
tests/T04_kernel/test_transition_lease_fencing.py::test_expired_unswept_lease_cannot_transition_task_or_journal PASSED [ 55%]
tests/T04_kernel/test_transition_lease_fencing.py::test_boot_recovery_temporarily_supersedes_but_does_not_erase_stale_fence PASSED [ 55%]
tests/T05_gateway/test_429_fallback_contract.py::test_api_rate_limit_has_retry_after_without_model_fallback PASSED [ 56%]
tests/T05_gateway/test_429_fallback_contract.py::test_api_rate_limit_retry_after_caps_at_window PASSED [ 56%]
tests/T05_gateway/test_429_fallback_contract.py::test_openrouter_provider_429_falls_back_to_task_model PASSED [ 56%]
tests/T05_gateway/test_budget_routing.py::test_budget_reorders_verified_free_only PASSED [ 56%]
tests/T05_gateway/test_budget_routing.py::test_invalid_cost_mode_cannot_create_paid_tier[paid] PASSED [ 56%]
tests/T05_gateway/test_budget_routing.py::test_invalid_cost_mode_cannot_create_paid_tier[auto] PASSED [ 57%]
tests/T05_gateway/test_budget_routing.py::test_invalid_cost_mode_cannot_create_paid_tier[unknown] PASSED [ 57%]
tests/T05_gateway/test_budget_routing.py::test_invalid_cost_mode_cannot_create_paid_tier[] PASSED [ 57%]
tests/T05_gateway/test_circuit_breaker_mutation_contract.py::test_default_threshold_and_initial_state PASSED [ 57%]
tests/T05_gateway/test_circuit_breaker_mutation_contract.py::test_threshold_one_is_valid_and_opens_on_first_failure PASSED [ 57%]
tests/T05_gateway/test_fallback_watcher_single_source.py::test_fallback_watcher_delegates_background_refresh PASSED [ 58%]
tests/T05_gateway/test_fallback_watcher_single_source.py::test_fallback_watcher_run_once_delegates_without_task_map_mutation PASSED [ 58%]
tests/T05_gateway/test_llm_egress_policy.py::test_deny_blocks_external_provider_before_network PASSED [ 58%]
tests/T05_gateway/test_llm_egress_policy.py::test_allowlist_rejects_unlisted_provider_before_network PASSED [ 58%]
tests/T05_gateway/test_llm_egress_policy.py::test_allowlist_permits_exact_https_provider_host PASSED [ 58%]
tests/T05_gateway/test_llm_egress_policy.py::test_deny_still_allows_loopback_fixture PASSED [ 59%]
tests/T05_gateway/test_llm_egress_policy.py::test_non_network_modes_fail_closed_for_external_llm[deny] PASSED [ 59%]
tests/T05_gateway/test_llm_egress_policy.py::test_non_network_modes_fail_closed_for_external_llm[offline] PASSED [ 59%]
tests/T05_gateway/test_llm_egress_policy.py::test_non_network_modes_fail_closed_for_external_llm[disabled] PASSED [ 59%]
tests/T05_gateway/test_llm_egress_policy.py::test_non_network_modes_fail_closed_for_external_llm[unexpected-mode] PASSED [ 59%]
tests/T05_gateway/test_llm_egress_policy.py::test_allowlist_requires_https_for_external_provider PASSED [ 60%]
tests/T05_gateway/test_llm_egress_policy.py::test_free_catalog_obeys_allowlist_before_constructing_network_client PASSED [ 60%]
tests/T05_gateway/test_llm_gateway_fallback_contract.py::test_openrouter_429_moves_from_paid_to_task_free PASSED [ 60%]
tests/T05_gateway/test_llm_gateway_fallback_contract.py::test_openrouter_402_moves_to_auto_router_when_task_free_fails PASSED [ 60%]
tests/T05_gateway/test_llm_gateway_fallback_contract.py::test_openrouter_disabled_or_exhausted_returns_none PASSED [ 60%]
tests/T05_gateway/test_llm_gateway_fallback_contract.py::test_openrouter_unproven_free_candidates_are_explicitly_blocked PASSED [ 60%]
tests/T05_gateway/test_llm_gateway_fallback_contract.py::test_gateway_returns_none_when_all_providers_fail PASSED [ 61%]
tests/T05_gateway/test_llm_gateway_fallback_contract.py::test_gateway_propagates_budget_free_priority PASSED [ 61%]
tests/T05_gateway/test_multi_llm_crosscheck.py::test_cross_verify_selects_two_distinct_provider_families_before_calling PASSED [ 61%]
tests/T05_gateway/test_multi_llm_crosscheck.py::test_cross_verify_distinct_provider_disagreement_fails_closed PASSED [ 61%]
tests/T05_gateway/test_multi_llm_crosscheck.py::test_cross_verify_one_provider_family_is_unavailable_not_consensus PASSED [ 61%]
tests/T05_gateway/test_multi_llm_crosscheck_concurrency.py::test_cross_verify_keeps_provider_independence_under_parallel_load PASSED [ 62%]
tests/T05_gateway/test_multi_llm_crosscheck_concurrency.py::test_cross_verify_fails_closed_when_no_distinct_provider_exists PASSED [ 62%]
tests/T05_gateway/test_multi_llm_crosscheck_concurrency.py::test_cross_verify_escalates_distinct_provider_disagreement PASSED [ 62%]
tests/T05_gateway/test_provider_failover.py::test_breaker_open_skips_dead_provider_without_network_call PASSED [ 62%]
tests/T05_gateway/test_provider_failover.py::test_env_extra_provider_sits_in_chain PASSED [ 62%]
tests/T05_gateway/test_provider_failover.py::test_deny_egress_blocks_env_provider_before_injected_transport PASSED [ 63%]
tests/T05_gateway/test_provider_failover.py::test_all_providers_down_fails_closed PASSED [ 63%]
tests/T05_gateway/test_provider_failover.py::test_env_compat_placeholder_key_is_disabled PASSED [ 63%]
tests/T05_gateway/test_provider_failover.py::test_free_catalog_respects_deny_egress_without_network PASSED [ 63%]
tests/T05_gateway/test_provider_fallback.py::test_multi_source_orchestrator_falls_over_to_next_provider PASSED [ 63%]
tests/T05_gateway/test_provider_timeout_recovery.py::test_openrouter_timeout_recovers_via_task_free_fallback PASSED [ 64%]
tests/T05_gateway/test_zero_cost_guard.py::test_paid_unknown_stale_and_data_class_never_reach_send_boundary PASSED [ 64%]
tests/T05_gateway/test_zero_cost_guard.py::test_free_to_paid_catalog_transition_denies_next_request PASSED [ 64%]
tests/T05_gateway/test_zero_cost_guard.py::test_free_only_config_cannot_enable_paid_or_unknown_price PASSED [ 64%]
tests/T05_gateway/test_zero_cost_guard.py::test_pricing_proof_survives_restart PASSED [ 64%]
tests/T05_gateway/test_zero_cost_guard.py::test_runtime_proof_store_override_is_test_scoped_and_data_scoped PASSED [ 65%]
tests/T05_gateway/test_zero_cost_guard.py::test_runtime_pep_denies_before_real_transport_boundary[unknown/model-None-None-False-DENY_UNKNOWN_PRICE] PASSED [ 65%]
tests/T05_gateway/test_zero_cost_guard.py::test_runtime_pep_denies_before_real_transport_boundary[partial/model-0-None-False-DENY_UNKNOWN_PRICE] PASSED [ 65%]
tests/T05_gateway/test_zero_cost_guard.py::test_runtime_pep_denies_before_real_transport_boundary[prompt-paid/model-0.01-0-False-DENY_PAID] PASSED [ 65%]
tests/T05_gateway/test_zero_cost_guard.py::test_runtime_pep_denies_before_real_transport_boundary[completion-paid/model-0-0.01-False-DENY_PAID] PASSED [ 65%]
tests/T05_gateway/test_zero_cost_guard.py::test_runtime_pep_denies_before_real_transport_boundary[stale/model-0-0-True-DENY_STALE_PRICE] PASSED [ 66%]
tests/T05_gateway/test_zero_cost_guard.py::test_fresh_exact_zero_reaches_transport_once PASSED [ 66%]
tests/T05_gateway/test_zero_cost_guard.py::test_router_skips_paid_fallback_and_uses_only_verified_free PASSED [ 66%]
tests/T05_gateway/test_zero_cost_guard.py::test_partial_catalog_observation_supersedes_old_free_as_unknown PASSED [ 66%]
tests/T05_gateway/test_zero_cost_guard.py::test_cold_start_unknown_proof_never_refreshes_or_posts PASSED [ 66%]
tests/T05_gateway/test_zero_cost_guard.py::test_malformed_catalog_supersedes_free[pricing0] PASSED [ 66%]
tests/T05_gateway/test_zero_cost_guard.py::test_malformed_catalog_supersedes_free[bad] PASSED [ 67%]
tests/T05_gateway/test_zero_cost_guard.py::test_malformed_catalog_supersedes_free[pricing2] PASSED [ 67%]
tests/T05_gateway/test_zero_cost_guard.py::test_malformed_catalog_supersedes_free[pricing3] PASSED [ 67%]
tests/T05_gateway/test_zero_cost_guard.py::test_equal_timestamp_latest_partial_observation_wins PASSED [ 67%]
tests/T05_gateway/test_zero_cost_guard.py::test_paid_candidate_is_not_contacted_after_free_primary_timeout PASSED [ 67%]
tests/T05_gateway/test_zero_cost_guard.py::test_policy_denial_does_not_consume_retry_or_trip_breaker PASSED [ 68%]
tests/T05_gateway/test_zero_cost_guard.py::test_egress_denial_does_not_record_sent PASSED [ 68%]
tests/T05_gateway/test_zero_cost_guard.py::test_proof_expiring_after_routing_is_denied_at_dispatch PASSED [ 68%]
tests/T06_verifier/test_calibration_ledger.py::test_prediction_and_resolution_are_append_only_and_evidence_bound PASSED [ 68%]
tests/T06_verifier/test_calibration_ledger.py::test_resolution_correction_supersedes_instead_of_rewriting PASSED [ 68%]
tests/T06_verifier/test_calibration_ledger.py::test_calibration_tables_reject_delete PASSED [ 69%]
tests/T06_verifier/test_calibration_ledger.py::test_legacy_pass_fail_engine_is_advisory_only PASSED [ 69%]
tests/T06_verifier/test_evidence_store.py::test_same_content_twice_same_blob_two_occurrences PASSED [ 69%]
tests/T06_verifier/test_evidence_store.py::test_evidence_table_is_machine_immutable PASSED [ 69%]
tests/T06_verifier/test_evidence_store.py::test_restart_persistence_and_tamper_detection PASSED [ 69%]
tests/T06_verifier/test_evidence_store.py::test_supersede_never_rewrites_history PASSED [ 70%]
tests/T06_verifier/test_evidence_store.py::test_crash_rollback_leaves_orphan_blob_and_reconciles PASSED [ 70%]
tests/T06_verifier/test_evidence_store.py::test_purge_keeps_metadata_and_records_retention_event PASSED [ 70%]
tests/T06_verifier/test_evidence_store.py::test_model_response_kind_is_accepted_and_labeled PASSED [ 70%]
tests/T06_verifier/test_evidence_store.py::test_epistemic_tables_reject_delete PASSED [ 70%]
tests/T06_verifier/test_evidence_store.py::test_lifecycle_tables_stay_mutable PASSED [ 71%]
tests/T06_verifier/test_evidence_store.py::test_keyless_store_keeps_plain_sha256_record_hash PASSED [ 71%]
tests/T06_verifier/test_evidence_store.py::test_keyed_store_writes_hmac_record_hash PASSED [ 71%]
tests/T06_verifier/test_evidence_store.py::test_env_key_enables_hmac_record_hash PASSED [ 71%]
tests/T06_verifier/test_evidence_store.py::test_hmac_keyed_store_detects_raw_sql_tamper PASSED [ 71%]
tests/T06_verifier/test_evidence_store.py::test_plain_sha256_cannot_detect_recomputed_hash_contrast PASSED [ 72%]
tests/T06_verifier/test_evidence_store.py::test_keyed_store_refuses_recomputed_unkeyed_record_hash PASSED [ 72%]
tests/T06_verifier/test_evidence_store.py::test_keyed_row_without_configured_key_fails_closed PASSED [ 72%]
tests/T06_verifier/test_evidence_store.py::test_wrong_hmac_key_fails_closed PASSED [ 72%]
tests/T06_verifier/test_evidence_store.py::test_derive_repo_identity_key_is_deterministic_and_not_empty PASSED [ 72%]
tests/T06_verifier/test_gemini_indictment_hardening.py::test_c1_poisoned_readme_is_quarantined_and_never_served PASSED [ 73%]
tests/T06_verifier/test_gemini_indictment_hardening.py::test_c1_clean_readme_served_with_untrusted_trust PASSED [ 73%]
tests/T06_verifier/test_gemini_indictment_hardening.py::test_c1_references_wrapper_marks_untrusted PASSED [ 73%]
tests/T06_verifier/test_gemini_indictment_hardening.py::test_c1_quarantined_excluded_from_llm_fix_prompt PASSED [ 73%]
tests/T06_verifier/test_gemini_indictment_hardening.py::test_c5_breaker_opens_after_threshold_and_half_open PASSED [ 73%]
tests/T06_verifier/test_gemini_indictment_hardening.py::test_c5_gateway_fast_fails_when_endpoint_dead PASSED [ 73%]
tests/T06_verifier/test_gemini_indictment_hardening.py::test_c3_integrity_and_backup_with_prune PASSED [ 74%]
tests/T06_verifier/test_gemini_indictment_hardening.py::test_c3_adapter_maintenance_runs_at_boot PASSED [ 74%]
tests/T06_verifier/test_gemini_indictment_hardening.py::test_c2_bwrap_argv_cuts_namespaces PASSED [ 74%]
tests/T06_verifier/test_privacy_retention.py::test_retention_hold_and_shared_blob_reference_count PASSED [ 74%]
tests/T06_verifier/test_runtime_bridge_cutover.py::test_verdict_cycle_records_immutable_evidence PASSED [ 74%]
tests/T06_verifier/test_runtime_bridge_cutover.py::test_evidence_table_rejects_inplace_update PASSED [ 75%]
tests/T06_verifier/test_runtime_bridge_cutover.py::test_supersede_creates_new_evidence_and_relation_never_edit PASSED [ 75%]
tests/T06_verifier/test_runtime_bridge_cutover.py::test_verification_outcome_is_new_evidence_never_edit PASSED [ 75%]
tests/T06_verifier/test_runtime_bridge_cutover.py::test_phase0_facade_routes_through_epistemic_stack PASSED [ 75%]
tests/T06_verifier/test_runtime_bridge_cutover.py::test_privacy_gate_redacts_secret_before_storage PASSED [ 75%]
tests/T06_verifier/test_runtime_bridge_cutover.py::test_process_mixin_uses_bridge_not_legacy_phase0 PASSED [ 76%]
tests/T06_verifier/test_self_model_capability_map.py::test_self_model_has_no_direct_mark_verified_api PASSED [ 76%]
tests/T06_verifier/test_self_model_capability_map.py::test_same_sha_c_evidence_is_required_for_runtime_verified PASSED [ 76%]
tests/T06_verifier/test_self_model_capability_map.py::test_proof_metadata_must_match_requested_sha_and_level PASSED [ 76%]
tests/T06_verifier/test_self_model_capability_map.py::test_proof_with_non_head_sha_is_rejected PASSED [ 76%]
tests/T06_verifier/test_self_model_capability_map.py::test_archived_override_accepts_historical_sha_but_stays_sha_bound PASSED [ 77%]
tests/T06_verifier/test_self_model_capability_map.py::test_proof_evidence_must_declare_matching_capability_id PASSED [ 77%]
tests/T06_verifier/test_self_model_capability_map.py::test_capability_proofs_and_blindspots_reject_delete PASSED [ 77%]
tests/T06_verifier/test_source_identity_lineage.py::test_source_identity_is_conservative_and_stable PASSED [ 77%]
tests/T06_verifier/test_source_identity_lineage.py::test_db_default_is_unknown_independence_not_python_only PASSED [ 77%]
tests/T06_verifier/test_source_identity_lineage.py::test_sources_reject_delete_but_last_observed_at_stays_mutable PASSED [ 78%]
tests/T06_verifier/test_source_identity_lineage.py::test_unknown_and_shared_sources_cannot_manufacture_independence PASSED [ 78%]
tests/T07_learning/test_autofix_behavioral.py::test_autofix_engine_refuses_to_relax_security PASSED [ 78%]
tests/T07_learning/test_autofix_behavioral.py::test_autofix_engine_bare_except_pass_cooldown PASSED [ 78%]
tests/T07_learning/test_autofix_protected_path.py::test_autofix_protected_path_blocked PASSED [ 78%]
tests/T07_learning/test_chat_multimodal_contract.py::test_ask_request_has_bounded_multimodal_and_history_fields PASSED [ 79%]
tests/T07_learning/test_chat_multimodal_contract.py::test_dashboard_preserves_session_and_has_explicit_media_controls PASSED [ 79%]
tests/T07_learning/test_chat_multimodal_contract.py::test_real_ask_path_prioritizes_current_question_and_accepts_image_data PASSED [ 79%]
tests/T07_learning/test_chat_multimodal_contract.py::test_websocket_chat_passes_conversation_context_to_judge PASSED [ 79%]
tests/T07_learning/test_chat_multimodal_contract.py::test_chat_runtime_user_visible_strings_are_clean_and_vietnamese_keywords_work PASSED [ 79%]
tests/T07_learning/test_chat_multimodal_contract.py::test_ask_runtime_user_visible_strings_and_fact_check_keywords_are_clean PASSED [ 80%]
tests/T07_learning/test_epistemic_missing_piece.py::test_scanner_recall_on_known_class_and_precision_on_clean_code PASSED [ 80%]
tests/T07_learning/test_epistemic_missing_piece.py::test_independent_verifier_honest_epistemic_verdicts PASSED [ 80%]
tests/T07_learning/test_epistemic_missing_piece.py::test_missing_piece_discovery_on_reality_contradiction PASSED [ 80%]
tests/T08_runtime/test_learning_scheduler_benchmark.py::test_parallel_scheduler_beats_sequential_on_same_work_units PASSED [ 80%]
tests/T08_runtime/test_mutation_engine.py::test_campaign_kills_mutant_and_restores_source PASSED [ 80%]
tests/T08_runtime/test_mutation_engine.py::test_campaign_rejects_failing_baseline_and_restores_source PASSED [ 81%]
tests/T08_runtime/test_mutation_engine.py::test_campaign_requires_explicit_existing_tests PASSED [ 81%]
tests/T08_runtime/test_mutation_engine.py::test_campaign_rejects_unknown_function_scope PASSED [ 81%]
tests/T08_runtime/test_soak_harness.py::test_short_soak_produces_verified_completion_report PASSED [ 81%]
tests/T08_runtime/test_soak_harness.py::test_soak_refuses_to_overwrite_existing_database PASSED [ 81%]
tests/T09_golden_task/test_e2e_scp_complete.py::test_complete_scp_architecture_integration PASSED [ 82%]
tests/T09_golden_task/test_golden_a_agent_os.py::test_golden_a_agent_os_real_execution_flow PASSED [ 82%]
tests/T09_golden_task/test_golden_b_epistemic_loop.py::test_golden_b_good_patch_is_apply_verified_then_failclosed PASSED [ 82%]
tests/T09_golden_task/test_golden_b_epistemic_loop.py::test_golden_b_verified_fix_commits_to_durable_state PASSED [ 82%]
tests/T09_golden_task/test_golden_b_epistemic_loop.py::test_golden_b_cosmetic_patch_is_never_promoted PASSED [ 82%]
tests/T09_golden_task/test_golden_b_epistemic_loop.py::test_golden_b_security_weakening_patch_is_killed_by_policy_gate PASSED [ 83%]
tests/T09_golden_task/test_golden_external_alert_routing_e2e.py::test_ce_s10_04_external_alert_routing_e2e_closed_loop PASSED [ 83%]
tests/T09_golden_task/test_golden_risk_containment_e2e.py::test_ce_s10_03_governed_containment_e2e_closed_loop PASSED [ 83%]
tests/T09_golden_task/test_golden_world_observation_e2e.py::test_ce_x08_01_world_observation_to_state_projection_e2e PASSED [ 83%]
tests/T10_recovery/test_adversarial_chaos_matrix.py::test_chaos_hard_kill_after_checkpoint_recovers_to_recovering PASSED [ 83%]
tests/T10_recovery/test_adversarial_chaos_matrix.py::test_chaos_hard_kill_in_running_goes_to_human_review PASSED [ 84%]
tests/T10_recovery/test_kernel_chaos_recovery.py::test_hard_kill_then_boot_recovery_replays_journal PASSED [ 84%]
tests/T10_recovery/test_kernel_chaos_recovery.py::test_recover_on_boot_never_tamperes_corrupted_journal PASSED [ 84%]
tests/T10_recovery/test_reconciliation_outcome_contract.py::test_ambiguous_reconciliation_outcomes_are_durable_and_never_retryable[PARTIAL-RECONCILED_PARTIAL-RECONCILE_PARTIAL] PASSED [ 84%]
tests/T10_recovery/test_reconciliation_outcome_contract.py::test_ambiguous_reconciliation_outcomes_are_durable_and_never_retryable[CONFLICT-RECONCILED_CONFLICT-RECONCILE_CONFLICT] PASSED [ 84%]
tests/T10_recovery/test_reconciliation_outcome_contract.py::test_ambiguous_reconciliation_requires_independent_verifier[PARTIAL] PASSED [ 85%]
tests/T10_recovery/test_reconciliation_outcome_contract.py::test_ambiguous_reconciliation_requires_independent_verifier[CONFLICT] PASSED [ 85%]
tests/T10_recovery/test_reconciliation_outcome_contract.py::test_lowercase_partial_is_normalized_without_becoming_retryable PASSED [ 85%]
tests/T11_release/test_ce_s10_04_alert_evidence_binding.py::test_ce_s10_04_release_default_routes_contain_all_critical_risk_types PASSED [ 85%]
tests/T11_release/test_ce_s10_04_alert_evidence_binding.py::test_ce_s10_04_release_enforces_fail_closed_on_unauthorized_external_channels PASSED [ 85%]
tests/T11_release/test_dashboard_audit_retry.py::test_native_audit_outcome_remains_fail_closed[0-report0-PASS_WITHIN_SCOPE] PASSED [ 86%]
tests/T11_release/test_dashboard_audit_retry.py::test_native_audit_outcome_remains_fail_closed[0-report1-PASS_WITHIN_SCOPE] PASSED [ 86%]
tests/T11_release/test_dashboard_audit_retry.py::test_native_audit_outcome_remains_fail_closed[1-report2-HARNESS_BROKEN] PASSED [ 86%]
tests/T11_release/test_dashboard_audit_retry.py::test_native_audit_outcome_remains_fail_closed[0-report3-PRODUCT_FAIL] PASSED [ 86%]
tests/T11_release/test_dashboard_audit_retry.py::test_native_audit_outcome_remains_fail_closed[1-report4-PRODUCT_FAIL] PASSED [ 86%]
tests/T11_release/test_dashboard_audit_retry.py::test_native_audit_outcome_remains_fail_closed[1-report5-RETRYABLE_REGISTRY_ERROR] PASSED [ 86%]
tests/T11_release/test_dashboard_audit_retry.py::test_native_audit_outcome_remains_fail_closed[1-report6-RETRYABLE_REGISTRY_ERROR] PASSED [ 87%]
tests/T11_release/test_dashboard_audit_retry.py::test_native_audit_outcome_remains_fail_closed[0-report7-HARNESS_BROKEN] PASSED [ 87%]
tests/T11_release/test_dashboard_audit_retry.py::test_native_audit_outcome_remains_fail_closed[1-report8-HARNESS_BROKEN] PASSED [ 87%]
tests/T11_release/test_dashboard_audit_retry.py::test_native_audit_outcome_remains_fail_closed[1-report9-HARNESS_BROKEN] PASSED [ 87%]
tests/T11_release/test_dashboard_audit_retry.py::test_native_audit_outcome_remains_fail_closed[0-report10-HARNESS_BROKEN] PASSED [ 87%]
tests/T11_release/test_dashboard_audit_retry.py::test_native_audit_outcome_remains_fail_closed[0-report11-HARNESS_BROKEN] PASSED [ 88%]
tests/T11_release/test_dashboard_audit_retry.py::test_native_audit_outcome_remains_fail_closed[0-report12-HARNESS_BROKEN] PASSED [ 88%]
tests/T11_release/test_dashboard_audit_retry.py::test_incomplete_or_contradictory_report_cannot_pass PASSED [ 88%]
tests/T11_release/test_dashboard_audit_retry.py::test_observed_windows_npm_timeout_without_code_is_retryable_not_green PASSED [ 88%]
tests/T11_release/test_dashboard_audit_retry.py::test_retries_are_finite_and_never_retry_security_findings[outcomes0-0-2] PASSED [ 88%]
tests/T11_release/test_dashboard_audit_retry.py::test_retries_are_finite_and_never_retry_security_findings[outcomes1-1-3] PASSED [ 89%]
tests/T11_release/test_dashboard_audit_retry.py::test_retries_are_finite_and_never_retry_security_findings[outcomes2-1-1] PASSED [ 89%]
tests/T11_release/test_dashboard_audit_retry.py::test_retries_are_finite_and_never_retry_security_findings[outcomes3-1-1] PASSED [ 89%]
tests/T11_release/test_dashboard_audit_retry.py::test_retries_are_finite_and_never_retry_security_findings[outcomes4-1-3] PASSED [ 89%]
tests/T11_release/test_dashboard_audit_retry.py::test_production_threshold_is_not_configurable_downward PASSED [ 89%]
tests/T11_release/test_dashboard_audit_retry.py::test_registry_response_credentials_are_not_written_to_evidence PASSED [ 90%]
tests/T11_release/test_dashboard_audit_retry.py::test_legacy_npm_cannot_silently_reintroduce_quick_audit_fallback PASSED [ 90%]
tests/T11_release/test_dashboard_audit_retry.py::test_both_dashboard_workflows_install_the_pinned_bulk_only_auditor PASSED [ 90%]
tests/T11_release/test_main_handoff_dispatch.py::test_main_handoff_requires_exact_immutable_merge_lineage[parents0-push-] PASSED [ 90%]
tests/T11_release/test_main_handoff_dispatch.py::test_main_handoff_requires_exact_immutable_merge_lineage[parents0-workflow_dispatch-aaaaaaaaaaaaaaaaaaaaaaaaaaaaaaaaaaaaaaaa] PASSED [ 90%]
tests/T11_release/test_main_handoff_dispatch.py::test_main_handoff_requires_exact_immutable_merge_lineage[parents1-push-] PASSED [ 91%]
tests/T11_release/test_main_handoff_dispatch.py::test_main_handoff_requires_exact_immutable_merge_lineage[parents1-workflow_dispatch-aaaaaaaaaaaaaaaaaaaaaaaaaaaaaaaaaaaaaaaa] PASSED [ 91%]
tests/T11_release/test_main_handoff_dispatch.py::test_stale_or_unproven_handoff_is_blocked[moved_main] PASSED [ 91%]
tests/T11_release/test_main_handoff_dispatch.py::test_stale_or_unproven_handoff_is_blocked[wrong_expected] PASSED [ 91%]
tests/T11_release/test_main_handoff_dispatch.py::test_stale_or_unproven_handoff_is_blocked[missing_expected] PASSED [ 91%]
tests/T11_release/test_main_handoff_dispatch.py::test_stale_or_unproven_handoff_is_blocked[nonmerge] PASSED [ 92%]
tests/T11_release/test_main_handoff_dispatch.py::test_stale_or_unproven_handoff_is_blocked[wrong_frozen] PASSED [ 92%]
tests/T11_release/test_main_handoff_dispatch.py::test_stale_or_unproven_handoff_is_blocked[unmerged] PASSED [ 92%]
tests/T11_release/test_main_handoff_dispatch.py::test_stale_or_unproven_handoff_is_blocked[wrong_merge] PASSED [ 92%]
tests/T11_release/test_main_handoff_dispatch.py::test_stale_or_unproven_handoff_is_blocked[wrong_branch] PASSED [ 92%]
tests/T11_release/test_main_handoff_dispatch.py::test_stale_or_unproven_handoff_is_blocked[no_pr] PASSED [ 93%]
tests/T11_release/test_main_handoff_dispatch.py::test_stale_or_unproven_handoff_is_blocked[duplicate_pr] PASSED [ 93%]
tests/T11_release/test_main_handoff_dispatch.py::test_stale_or_unproven_handoff_is_blocked[wrong_event] PASSED [ 93%]
tests/T11_release/test_main_handoff_dispatch.py::test_even_a_merged_pr_cannot_handoff_missing_or_different_trees[trees0-parents0] PASSED [ 93%]
tests/T11_release/test_main_handoff_dispatch.py::test_even_a_merged_pr_cannot_handoff_missing_or_different_trees[trees0-parents1] PASSED [ 93%]
tests/T11_release/test_main_handoff_dispatch.py::test_even_a_merged_pr_cannot_handoff_missing_or_different_trees[trees1-parents0] PASSED [ 93%]
tests/T11_release/test_main_handoff_dispatch.py::test_even_a_merged_pr_cannot_handoff_missing_or_different_trees[trees1-parents1] PASSED [ 94%]
tests/T11_release/test_main_handoff_dispatch.py::test_bot_merge_dispatch_does_not_bypass_any_fresh_gate PASSED [ 94%]
tests/T11_release/test_rc_workflow_runtime_contract.py::test_rc_promotion_declares_push_trigger PASSED [ 94%]
tests/T11_release/test_rc_workflow_runtime_contract.py::test_push_release_gates_provision_declared_runtimes_unconditionally PASSED [ 94%]
tests/T11_release/test_rc_workflow_runtime_contract.py::test_no_push_workflow_event_gates_runtime_setup PASSED [ 94%]
tests/T11_release/test_rc_workflow_runtime_contract.py::test_pre_rc_mutation_budget_matches_authoritative_release_gate PASSED [ 95%]
tests/T11_release/test_rc_workflow_runtime_contract.py::test_authoritative_workflow_pytest_paths_exist PASSED [ 95%]
tests/T11_release/test_rc_workflow_runtime_contract.py::test_acceptance_fixture_does_not_disable_semantic_crosscheck_or_share_state PASSED [ 95%]
tests/T11_release/test_rc_workflow_runtime_contract.py::test_acceptance_fixture_seeds_isolated_distinct_family_pricing_proofs PASSED [ 95%]
tests/T11_release/test_release_authority_contract.py::test_rc_promotion_is_the_only_workflow_allowed_to_emit_release_verdicts PASSED [ 95%]
tests/T11_release/test_release_authority_contract.py::test_non_authoritative_workflows_are_named_and_scoped_truthfully PASSED [ 96%]
tests/T11_release/test_release_authority_contract.py::test_authoritative_workflow_keeps_human_frozen_sha_and_immutable_main_lineage_guards PASSED [ 96%]
tests/T11_release/test_scp_skill_dna_contract.py::test_every_scp_skill_has_valid_closed_manifest PASSED [ 96%]
tests/T11_release/test_scp_skill_dna_contract.py::test_scp_dna_is_exactly_29_principles_with_release_critical_invariants PASSED [ 96%]
tests/T11_release/test_scp_skill_dna_contract.py::test_release_evidence_skill_is_fail_closed_and_reality_grounded PASSED [ 96%]
tests/T11_release/test_scp_skill_dna_contract.py::test_every_mandatory_release_gate_has_domain_skill_and_scp_dna_binding PASSED [ 97%]
tests/T11_release/test_scp_skill_dna_contract.py::test_rc_verdict_cannot_claim_pass_for_an_unbound_gate PASSED [ 97%]
tests/T11_release/test_scp_skill_dna_contract.py::test_main_merge_requires_explicit_human_approval_and_exact_frozen_sha PASSED [ 97%]
tests/T11_release/test_scp_skill_dna_contract.py::test_customer_handoff_requires_immutable_pr_lineage_and_fresh_main_verification PASSED [ 97%]
tests/T11_release/test_scp_skill_dna_contract.py::test_mandatory_release_paths_execute_skill_and_dna_contract PASSED [ 97%]
tests/T11_release/test_scp_test_skill_contract.py::test_mandatory_test_skill_contract_is_valid PASSED [ 98%]
tests/T11_release/test_scp_test_skill_contract.py::test_every_required_gate_binds_dna_and_a_specialized_skill PASSED [ 98%]
tests/T11_release/test_scp_test_skill_contract.py::test_scp_dna_reference_is_exactly_29_principles_in_order PASSED [ 98%]
tests/T11_release/test_scp_test_skill_contract.py::test_failure_policy_forbids_green_by_weakening_tests PASSED [ 98%]
tests/T11_release/test_sha_evidence_binding.py::test_sha_evidence_binding_rejects_stale_head_in_isolated_repo PASSED [ 98%]
tests/contract/test_judge_verifier_contract.py::test_text_answer_contract PASSED [ 99%]
tests/external_audit/test_cascade.py::test_primary_pass_short_circuits_second_opinion PASSED [ 99%]
tests/external_audit/test_cascade.py::test_primary_ambiguous_escalates_without_guessing PASSED [ 99%]
tests/external_audit/test_cascade.py::test_disagreement_escalates PASSED [ 99%]
tests/external_audit/test_cascade.py::test_double_fail_is_required_for_negative_verdict PASSED [ 99%]
tests/external_audit/test_cascade.py::test_gateway_failure_is_unknown_not_pass PASSED [100%]

======================= 515 passed in 94.73s (0:01:34) ========================
