C:\Users\check\AppData\Local\Programs\Python\Python312\Lib\site-packages\requests\__init__.py:113: RequestsDependencyWarning: urllib3 (2.7.0) or chardet (6.0.0.post1)/charset_normalizer (3.4.3) doesn't match a supported version!
  warnings.warn(
============================= test session starts =============================
platform win32 -- Python 3.12.10, pytest-9.1.1, pluggy-1.6.0 -- C:\Users\check\AppData\Local\Programs\Python\Python312\python.exe
cachedir: .pytest_cache
hypothesis profile 'default' -> database=DirectoryBasedExampleDatabase(WindowsPath('C:/Users/check/Downloads/scp/.hypothesis/examples'))
metadata: {'Python': '3.12.10', 'Platform': 'Windows-11-10.0.26200-SP0', 'Packages': {'pytest': '9.1.1', 'pluggy': '1.6.0'}, 'Plugins': {'anyio': '4.13.0', 'Faker': '40.1.2', 'hypothesis': '6.108.0', 'langsmith': '0.10.13', 'asyncio': '1.3.0', 'cov': '7.0.0', 'json-report': '1.5.0', 'metadata': '3.1.1'}}
rootdir: C:\Users\check\Downloads\scp
configfile: pytest.ini
plugins: anyio-4.13.0, Faker-40.1.2, hypothesis-6.108.0, langsmith-0.10.13, asyncio-1.3.0, cov-7.0.0, json-report-1.5.0, metadata-3.1.1
asyncio: mode=Mode.STRICT, debug=False, asyncio_default_fixture_loop_scope=None, asyncio_default_test_loop_scope=function
collecting ... collected 17 items

tests/T04_kernel/test_pg_storage_parity.py::test_pg_parity_full_sequence PASSED [  5%]
tests/T04_kernel/test_pg_storage_parity.py::test_pg_parity_occ_conflict_across_instances PASSED [ 11%]
tests/T04_kernel/test_pg_storage_parity.py::test_pg_factory_make_storage_env_backend PASSED [ 17%]
tests/T04_kernel/test_pg_storage_parity.py::test_pg_factory_make_storage_backend_param PASSED [ 23%]
tests/T04_kernel/test_pg_storage_parity.py::test_pg_factory_param_wins_over_env PASSED [ 29%]
tests/T04_kernel/test_pg_storage_parity.py::test_pg_factory_missing_dsn_fails_closed PASSED [ 35%]
tests/T04_kernel/test_pg_storage_parity.py::test_pg_factory_legacy_env_postgres_still_unsupported PASSED [ 41%]
tests/T04_kernel/test_pg_storage_parity.py::test_translate_placeholders PASSED [ 47%]
tests/T04_kernel/test_pg_storage_parity.py::test_translate_insert_or_ignore PASSED [ 52%]
tests/T04_kernel/test_pg_storage_parity.py::test_translate_upsert_qualifies_ambiguous_columns PASSED [ 58%]
tests/T04_kernel/test_pg_storage_parity.py::test_translate_strftime_epoch PASSED [ 64%]
tests/T04_kernel/test_pg_storage_parity.py::test_translate_ddl_type_mapping PASSED [ 70%]
tests/T04_kernel/test_pg_storage_parity.py::test_translate_ddm_not_type_mapped PASSED [ 76%]
tests/T04_kernel/test_pg_storage_parity.py::test_translate_fail_closed_on_insert_or_replace PASSED [ 82%]
tests/T04_kernel/test_pg_storage_parity.py::test_pragma_emulation_and_fail_closed PASSED [ 88%]
tests/T04_kernel/test_pg_migration.py::test_migrate_sqlite_to_pg_end_to_end PASSED [ 94%]
tests/T04_kernel/test_pg_migration.py::test_migrate_missing_source_fails_closed PASSED [100%]

============================= 17 passed in 4.67s ==============================
