C:\Users\check\AppData\Local\Programs\Python\Python312\Lib\site-packages\requests\__init__.py:113: RequestsDependencyWarning: urllib3 (2.7.0) or chardet (6.0.0.post1)/charset_normalizer (3.4.3) doesn't match a supported version!
  warnings.warn(
============================= test session starts =============================
platform win32 -- Python 3.12.10, pytest-9.1.1, pluggy-1.6.0 -- C:\Users\check\AppData\Local\Programs\Python\Python312\python.exe
cachedir: .pytest_cache
hypothesis profile 'default' -> database=DirectoryBasedExampleDatabase(WindowsPath('C:/Users/check/Downloads/scp/.hypothesis/examples'))
metadata: {'Python': '3.12.10', 'Platform': 'Windows-11-10.0.26200-SP0', 'Packages': {'pytest': '9.1.1', 'pluggy': '1.6.0'}, 'Plugins': {'anyio': '4.13.0', 'Faker': '40.1.2', 'hypothesis': '6.108.0', 'langsmith': '0.10.13', 'asyncio': '1.3.0', 'cov': '7.0.0', 'json-report': '1.5.0', 'metadata': '3.1.1'}}
rootdir: C:\Users\check\Downloads\scp
configfile: pytest.ini
plugins: anyio-4.13.0, Faker-40.1.2, hypothesis-6.108.0, langsmith-0.10.13, asyncio-1.3.0, cov-7.0.0, json-report-1.5.0, metadata-3.1.1
asyncio: mode=Mode.STRICT, debug=False, asyncio_default_fixture_loop_scope=None, asyncio_default_test_loop_scope=function
collecting ... collected 4 items

tests/T04_kernel/test_pg_storage_chaos.py::test_pg_chaos_kill_backend_mid_transaction_no_corruption PASSED [ 25%]
tests/T04_kernel/test_pg_storage_chaos.py::test_pg_chaos_server_restart_between_claim_lock_type_and_recovery PASSED [ 50%]
tests/T04_kernel/test_pg_storage_chaos.py::test_pg_chaos_two_process_claim_race_single_lease PASSED [ 75%]
tests/T04_kernel/test_pg_storage_chaos.py::test_pg_chaos_backup_to_pg_dump_restore_round_trip PASSED [100%]

============================== 4 passed in 4.85s ==============================
