C:\Users\check\AppData\Local\Programs\Python\Python312\Lib\site-packages\requests\__init__.py:113: RequestsDependencyWarning: urllib3 (2.7.0) or chardet (6.0.0.post1)/charset_normalizer (3.4.3) doesn't match a supported version!
  warnings.warn(
============================= test session starts =============================
collecting ... collected 29 items

tests/T02_contract/test_flow_03_openai_compat_scp_standard.py::TestFlow03OpenAICompat::test_openai_chat_completions_endpoint_exists PASSED [  3%]
tests/T02_contract/test_flow_03_openai_compat_scp_standard.py::TestFlow03OpenAICompat::test_openai_chat_completions_validates_schema PASSED [  6%]
tests/T02_contract/test_flow_03_openai_compat_scp_standard.py::TestFlow03OpenAICompat::test_openai_models_endpoint_returns_model_list PASSED [ 10%]
tests/T02_contract/test_flow_03_openai_compat_scp_standard.py::TestFlow03OpenAICompat::test_openai_chat_completions_forwards_to_gateway PASSED [ 13%]
tests/T02_contract/test_flow_03_openai_compat_scp_standard.py::TestFlow03OpenAICompat::test_openai_compat_handles_streaming_false PASSED [ 17%]
tests/T02_contract/test_flow_03_openai_compat_scp_standard.py::TestFlow03OpenAICompat::test_swe_bench_chat_completions_endpoint_exists PASSED [ 20%]
tests/T02_contract/test_flow_03_openai_compat_scp_standard.py::TestFlow03OpenAICompat::test_swe_bench_validates_instance_id PASSED [ 24%]
tests/T02_contract/test_flow_03_openai_compat_scp_standard.py::TestFlow03OpenAICompat::test_swe_bench_run_endpoint_translates_request PASSED [ 27%]
tests/T02_contract/test_flow_03_openai_compat_scp_standard.py::TestFlow03OpenAICompat::test_translate_openai_preserves_context PASSED [ 31%]
tests/T02_contract/test_flow_03_openai_compat_scp_standard.py::TestFlow03OpenAICompat::test_translate_openai_handles_tools PASSED [ 34%]
tests/T02_contract/test_flow_03_openai_compat_scp_standard.py::TestFlow03OpenAICompat::test_scp_to_openai_response_translation PASSED [ 37%]
tests/T02_contract/test_flow_03_openai_compat_scp_standard.py::TestFlow03OpenAICompat::test_streaming_response_translation PASSED [ 41%]
tests/T02_contract/test_flow_03_openai_compat_scp_standard.py::TestFlow03OpenAICompat::test_openai_compat_gateway_failure_returns_503 PASSED [ 44%]
tests/T02_contract/test_flow_03_openai_compat_scp_standard.py::TestFlow03OpenAICompat::test_swe_bench_compat_agent_failure_returns_error PASSED [ 48%]
tests/T02_contract/test_flow_03_openai_compat_scp_standard.py::TestFlow03OpenAICompat::test_rate_limiting_on_compat_endpoints PASSED [ 51%]
tests/T02_contract/test_flow_03_openai_compat_scp_standard.py::TestFlow03OpenAICompatCausalCoverage::test_causal_openai_chat_valid_request PASSED [ 55%]
tests/T02_contract/test_flow_03_openai_compat_scp_standard.py::TestFlow03OpenAICompatCausalCoverage::test_causal_openai_chat_invalid_schema PASSED [ 58%]
tests/T02_contract/test_flow_03_openai_compat_scp_standard.py::TestFlow03OpenAICompatCausalCoverage::test_causal_openai_models_list PASSED [ 62%]
tests/T02_contract/test_flow_03_openai_compat_scp_standard.py::TestFlow03OpenAICompatCausalCoverage::test_causal_openai_gateway_forward PASSED [ 65%]
tests/T02_contract/test_flow_03_openai_compat_scp_standard.py::TestFlow03OpenAICompatCausalCoverage::test_causal_openai_streaming_false PASSED [ 68%]
tests/T02_contract/test_flow_03_openai_compat_scp_standard.py::TestFlow03OpenAICompatCausalCoverage::test_causal_swe_bench_endpoint_exists PASSED [ 72%]
tests/T02_contract/test_flow_03_openai_compat_scp_standard.py::TestFlow03OpenAICompatCausalCoverage::test_causal_swe_bench_agent_forward PASSED [ 75%]
tests/T02_contract/test_flow_03_openai_compat_scp_standard.py::TestFlow03OpenAICompatCausalCoverage::test_causal_openai_translation_preserves_context PASSED [ 79%]
tests/T02_contract/test_flow_03_openai_compat_scp_standard.py::TestFlow03OpenAICompatCausalCoverage::test_causal_openai_translation_handles_tools PASSED [ 82%]
tests/T02_contract/test_flow_03_openai_compat_scp_standard.py::TestFlow03OpenAICompatCausalCoverage::test_causal_scp_to_openai_translation PASSED [ 86%]
tests/T02_contract/test_flow_03_openai_compat_scp_standard.py::TestFlow03OpenAICompatCausalCoverage::test_causal_streaming_translation PASSED [ 89%]
tests/T02_contract/test_flow_03_openai_compat_scp_standard.py::TestFlow03OpenAICompatCausalCoverage::test_causal_gateway_failure_503 PASSED [ 93%]
tests/T02_contract/test_flow_03_openai_compat_scp_standard.py::TestFlow03OpenAICompatCausalCoverage::test_causal_agent_failure_error PASSED [ 96%]
tests/T02_contract/test_api_import_order_contract.py::test_extra_routers_survive_both_import_orders PASSED [100%]

============================= 29 passed in 10.73s =============================
