C:\Users\check\AppData\Local\Programs\Python\Python312\Lib\site-packages\requests\__init__.py:113: RequestsDependencyWarning: urllib3 (2.7.0) or chardet (6.0.0.post1)/charset_normalizer (3.4.3) doesn't match a supported version!
  warnings.warn(
============================= test session starts =============================
collecting ... collected 34 items

tests/T02_contract/test_flow_02_ask_chat_scp_standard.py::TestFlow02AskEndpoint::test_ask_endpoint_requires_valid_schema PASSED [  2%]
tests/T02_contract/test_flow_02_ask_chat_scp_standard.py::TestFlow02AskEndpoint::test_ask_endpoint_malware_detection_in_image_voice PASSED [  5%]
tests/T02_contract/test_flow_02_ask_chat_scp_standard.py::TestFlow02AskEndpoint::test_ask_endpoint_llm_gateway_fallback_chain PASSED [  8%]
tests/T02_contract/test_flow_02_ask_chat_scp_standard.py::TestFlow02AskEndpoint::test_ask_endpoint_data_sources_expert_extraction PASSED [ 11%]
tests/T02_contract/test_flow_02_ask_chat_scp_standard.py::TestFlow02WebSocketChat::test_ws_chat_requires_explicit_token_not_session_id PASSED [ 14%]
tests/T02_contract/test_flow_02_ask_chat_scp_standard.py::TestFlow02WebSocketChat::test_ws_chat_accepts_explicit_valid_token PASSED [ 17%]
tests/T02_contract/test_flow_02_ask_chat_scp_standard.py::TestFlow02WebSocketChat::test_ws_chat_rejects_invalid_token PASSED [ 20%]
tests/T02_contract/test_flow_02_ask_chat_scp_standard.py::TestFlow02WebSocketChat::test_ws_chat_session_id_only_for_resume_not_auth PASSED [ 23%]
tests/T02_contract/test_flow_02_ask_chat_scp_standard.py::TestFlow02WebSocketChat::test_ws_chat_fail_closed_when_no_answer_source_available PASSED [ 26%]
tests/T02_contract/test_flow_02_ask_chat_scp_standard.py::TestFlow02WebSocketChat::test_ws_chat_real_candidate_answer_not_rejected_empty PASSED [ 29%]
tests/T02_contract/test_flow_02_ask_chat_scp_standard.py::TestFlow02WebSocketChat::test_ws_chat_verified_frame_when_answer_source_available PASSED [ 32%]
tests/T02_contract/test_flow_02_ask_chat_scp_standard.py::TestFlow02WebSocketChat::test_ws_chat_oversized_message_rejected_and_closed PASSED [ 35%]
tests/T02_contract/test_flow_02_ask_chat_scp_standard.py::TestFlow02WebSocketChat::test_ws_chat_rate_limit_exceeded_closes_1008 PASSED [ 38%]
tests/T02_contract/test_flow_02_ask_chat_scp_standard.py::TestFlow02AskDetectorDegraded::test_ask_local_unreachable_image_url_marks_detector_degraded PASSED [ 41%]
tests/T02_contract/test_flow_02_ask_chat_scp_standard.py::TestFlow02AskDetectorDegraded::test_ask_detect_degradation_flags_absent_when_no_media PASSED [ 44%]
tests/T02_contract/test_flow_02_ask_chat_scp_standard.py::TestFlow02SlmsUrlSafety::test_build_holiday_url_blocks_bad_country_code PASSED [ 47%]
tests/T02_contract/test_flow_02_ask_chat_scp_standard.py::TestFlow02SlmsUrlSafety::test_holiday_slm_predict_bad_country_code_makes_no_outbound_call PASSED [ 50%]
tests/T02_contract/test_flow_02_ask_chat_scp_standard.py::TestFlow02SlmsUrlSafety::test_city_and_bible_urls_encode_input_before_fetch PASSED [ 52%]
tests/T02_contract/test_flow_02_ask_chat_scp_standard.py::TestFlow02SlmsUrlSafety::test_misc_slms2_has_no_raw_urlopen_left PASSED [ 55%]
tests/T02_contract/test_flow_02_ask_chat_scp_standard.py::TestFlow02V105RoutesFailClosed::test_v105_history_stats_internal_error_500_no_leak PASSED [ 58%]
tests/T02_contract/test_flow_02_ask_chat_scp_standard.py::TestFlow02V105RoutesFailClosed::test_v105_calibration_accuracy_internal_error_500_no_leak PASSED [ 61%]
tests/T02_contract/test_flow_02_ask_chat_scp_standard.py::TestFlow02V105RoutesFailClosed::test_v105_history_requires_admin PASSED [ 64%]
tests/T02_contract/test_flow_02_ask_chat_scp_standard.py::TestFlow02ChatMemory::test_ws_chat_history_persistence PASSED [ 67%]
tests/T02_contract/test_flow_02_ask_chat_scp_standard.py::TestFlow02ChatMemory::test_ws_chat_history_max_limit_enforced PASSED [ 70%]
tests/T02_contract/test_flow_02_ask_chat_scp_standard.py::TestFlow02V102V103Routes::test_v102_orchestrator_stats_requires_admin PASSED [ 73%]
tests/T02_contract/test_flow_02_ask_chat_scp_standard.py::TestFlow02V102V103Routes::test_v102_notifications_recent_requires_admin PASSED [ 76%]
tests/T02_contract/test_flow_02_ask_chat_scp_standard.py::TestFlow02V102V103Routes::test_v103_storage_stats_requires_admin PASSED [ 79%]
tests/T02_contract/test_flow_02_ask_chat_scp_standard.py::TestFlow02V102V103Routes::test_v103_gcg_test_endpoint PASSED [ 82%]
tests/T02_contract/test_flow_02_ask_chat_scp_standard.py::TestFlow02V102V103Routes::test_v103_attacks_crawl_requires_admin PASSED [ 85%]
tests/T02_contract/test_flow_02_ask_chat_scp_standard.py::TestFlow02AskChatCausalCoverage::test_causal_empty_answer_was_reject_empty PASSED [ 88%]
tests/T02_contract/test_flow_02_ask_chat_scp_standard.py::TestFlow02AskChatCausalCoverage::test_causal_chat_message_cap_matches_tier1_answer_cap PASSED [ 91%]
tests/T02_contract/test_flow_02_ask_chat_scp_standard.py::TestFlow02AskChatCausalCoverage::test_causal_chat_rate_limit_constants PASSED [ 94%]
tests/T02_contract/test_flow_02_ask_chat_scp_standard.py::TestFlow02AskChatCausalCoverage::test_causal_media_clean_scan_continues PASSED [ 97%]
tests/T02_contract/test_flow_02_ask_chat_scp_standard.py::TestFlow02AskChatCausalCoverage::test_causal_media_threat_scan_blocks PASSED [100%]

============================= 34 passed in 21.33s =============================
Exception while exporting Span.
Traceback (most recent call last):
  File "C:\Users\check\AppData\Local\Programs\Python\Python312\Lib\site-packages\opentelemetry\sdk\_shared_internal\__init__.py", line 179, in _export
    self._exporter.export(
  File "C:\Users\check\AppData\Local\Programs\Python\Python312\Lib\site-packages\opentelemetry\sdk\trace\export\__init__.py", line 307, in export
    self.out.write(self.formatter(span))
ValueError: I/O operation on closed file.
