C:\Users\check\AppData\Local\Programs\Python\Python312\Lib\site-packages\requests\__init__.py:113: RequestsDependencyWarning: urllib3 (2.7.0) or chardet (6.0.0.post1)/charset_normalizer (3.4.3) doesn't match a supported version!
  warnings.warn(
============================= test session starts =============================
collecting ... collected 9 items

tests/T04_kernel/test_pg_event_bus.py::test_a_publish_poll_receives_payload_in_id_order PASSED [ 11%]
tests/T04_kernel/test_pg_event_bus.py::test_b_listener_down_publishes_then_replay_delivers_all PASSED [ 22%]
tests/T04_kernel/test_pg_event_bus.py::test_c_handler_fails_twice_then_succeeds_delivered PASSED [ 33%]
tests/T04_kernel/test_pg_event_bus.py::test_d_poison_message_dead_letter_then_channel_unblocked PASSED [ 44%]
tests/T04_kernel/test_pg_event_bus.py::test_e_notify_wakes_subscriber_below_poll_interval PASSED [ 55%]
tests/T04_kernel/test_pg_event_bus.py::test_f_two_subscribers_fan_out_both_receive_all PASSED [ 66%]
tests/T04_kernel/test_pg_event_bus.py::test_g_publish_fail_closed PASSED [ 77%]
tests/T04_kernel/test_pg_event_bus.py::test_h_schema_objects PASSED      [ 88%]
tests/T04_kernel/test_pg_event_bus.py::test_i_factory_default_disabled_and_fail_closed PASSED [100%]

============================== 9 passed in 3.54s ==============================
