C:\Users\check\AppData\Local\Programs\Python\Python312\Lib\site-packages\requests\__init__.py:113: RequestsDependencyWarning: urllib3 (2.7.0) or chardet (6.0.0.post1)/charset_normalizer (3.4.3) doesn't match a supported version!
  warnings.warn(
============================= test session starts =============================
collected 9 items

tests\T04_kernel\test_pg_event_bus.py ssssssss.                          [100%]

======================== 1 passed, 8 skipped in 0.63s =========================
